[I 2026-09-17 13:48:38,948] Trial 26 finished with value: 0.837391304347826 and parameters: {'mgm_heads': 64, 'cap_heads': 2}. Best is trial 13 with value: 0.8517391304347827.
mgm_heads:64, cap_heads:12

Optimizer step skipped due to NaNs/infs in grad scaling.

Optimizer step skipped due to NaNs/infs in grad scaling.

[2026-09-17 13:49:32,189] INFO - Initial Validation Loss: 0.5814348513970194 Best Validation Loss: 0.5081045250136114 Total Steps: 101 Best Step: 96 Total Time Spent: 53.21848273277283
accuracy_score (Finetuned): 0.8869565217391304

Optimizer step skipped due to NaNs/infs in grad scaling.

Optimizer step skipped due to NaNs/infs in grad scaling.

[2026-09-17 13:50:30,313] INFO - Initial Validation Loss: 0.5982797364050846 Best Validation Loss: 0.5065704470039104 Total Steps: 101 Best Step: 99 Total Time Spent: 56.88352727890015
accuracy_score (Finetuned): 0.8152173913043478

Optimizer step skipped due to NaNs/infs in grad scaling.

Optimizer step skipped due to NaNs/infs in grad scaling.

[2026-09-17 13:51:28,366] INFO - Initial Validation Loss: 0.6543336854924613 Best Validation Loss: 0.5894534034827297 Total Steps: 101 Best Step: 70 Total Time Spent: 56.81742238998413
accuracy_score (Finetuned): 0.8152173913043478

Optimizer step skipped due to NaNs/infs in grad scaling.

Optimizer step skipped due to NaNs/infs in grad scaling.

Optimizer step skipped due to NaNs/infs in grad scaling.

[2026-09-17 13:52:20,870] INFO - Initial Validation Loss: 0.5479781129798106 Best Validation Loss: 0.4955095666982451 Total Steps: 101 Best Step: 87 Total Time Spent: 50.35241651535034
accuracy_score (Finetuned): 0.8586956521739131

Optimizer step skipped due to NaNs/infs in grad scaling.

Optimizer step skipped due to NaNs/infs in grad scaling.

[2026-09-17 13:53:23,474] INFO - Initial Validation Loss: 0.5304026658064618 Best Validation Loss: 0.41054243570153337 Total Steps: 101 Best Step: 94 Total Time Spent: 61.391069173812866
accuracy_score (Finetuned): 0.841304347826087
Mean Accuracy: 0.8434782608695652
Std Accuracy: 0.027291051872130826
[I 2026-09-17 13:53:24,685] Trial 27 finished with value: 0.8434782608695652 and parameters: {'mgm_heads': 64, 'cap_heads': 12}. Best is trial 13 with value: 0.8517391304347827.
mgm_heads:2, cap_heads:8
[I 2026-09-17 13:53:24,686] Trial 28 finished with value: 0.0 and parameters: {'mgm_heads': 2, 'cap_heads': 8}. Best is trial 13 with value: 0.8517391304347827.
mgm_heads:128, cap_heads:32

Optimizer step skipped due to NaNs/infs in grad scaling.

Optimizer step skipped due to NaNs/infs in grad scaling.

Optimizer step skipped due to NaNs/infs in grad scaling.

[2026-09-17 13:55:38,993] INFO - Initial Validation Loss: 0.5784503498277033 Best Validation Loss: 0.4651235376356444 Total Steps: 101 Best Step: 58 Total Time Spent: 134.28103160858154
accuracy_score (Finetuned): 0.8608695652173913

Optimizer step skipped due to NaNs/infs in grad scaling.

Optimizer step skipped due to NaNs/infs in grad scaling.

[2026-09-17 13:57:56,625] INFO - Initial Validation Loss: 0.6213319436411286 Best Validation Loss: 0.4848439429804344 Total Steps: 101 Best Step: 50 Total Time Spent: 134.84850454330444
accuracy_score (Finetuned): 0.8130434782608695

Optimizer step skipped due to NaNs/infs in grad scaling.

Optimizer step skipped due to NaNs/infs in grad scaling.

[2026-09-17 14:00:14,362] INFO - Initial Validation Loss: 0.6193005271327465 Best Validation Loss: 0.538909958362137 Total Steps: 101 Best Step: 45 Total Time Spent: 134.82466435432434
accuracy_score (Finetuned): 0.8239130434782609

Optimizer step skipped due to NaNs/infs in grad scaling.

Optimizer step skipped due to NaNs/infs in grad scaling.

Optimizer step skipped due to NaNs/infs in grad scaling.

[2026-09-17 14:02:37,579] INFO - Initial Validation Loss: 0.5915624497437718 Best Validation Loss: 0.4492433528840806 Total Steps: 101 Best Step: 67 Total Time Spent: 140.37105417251587
accuracy_score (Finetuned): 0.8521739130434782

Optimizer step skipped due to NaNs/infs in grad scaling.

Optimizer step skipped due to NaNs/infs in grad scaling.

[2026-09-17 14:05:08,596] INFO - Initial Validation Loss: 0.5112933012470727 Best Validation Loss: 0.411465545566958 Total Steps: 101 Best Step: 86 Total Time Spent: 147.98485326766968
accuracy_score (Finetuned): 0.85
Mean Accuracy: 0.8400000000000001
Std Accuracy: 0.018271218599522347
[I 2026-09-17 14:05:11,453] Trial 29 finished with value: 0.8400000000000001 and parameters: {'mgm_heads': 128, 'cap_heads': 32}. Best is trial 13 with value: 0.8517391304347827.
mgm_heads:32, cap_heads:8

Optimizer step skipped due to NaNs/infs in grad scaling.

Optimizer step skipped due to NaNs/infs in grad scaling.

[2026-09-17 14:05:54,470] INFO - Initial Validation Loss: 0.5815548022623136 Best Validation Loss: 0.5076395791184818 Total Steps: 101 Best Step: 72 Total Time Spent: 42.98114633560181
accuracy_score (Finetuned): 0.85

Optimizer step skipped due to NaNs/infs in grad scaling.

Optimizer step skipped due to NaNs/infs in grad scaling.

[2026-09-17 14:06:42,947] INFO - Initial Validation Loss: 0.6296105390901505 Best Validation Loss: 0.5332355436239073 Total Steps: 101 Best Step: 100 Total Time Spent: 47.2084219455719
accuracy_score (Finetuned): 0.8173913043478261

Optimizer step skipped due to NaNs/infs in grad scaling.

Optimizer step skipped due to NaNs/infs in grad scaling.

Optimizer step skipped due to NaNs/infs in grad scaling.

