/scratch/sgoli125/mmfpn-try/mmpfn/models/dino_v2/layers/swiglu_ffn.py:51: UserWarning: xFormers is not available (SwiGLU)
  warnings.warn("xFormers is not available (SwiGLU)")
/scratch/sgoli125/mmfpn-try/mmpfn/models/dino_v2/layers/attention.py:33: UserWarning: xFormers is not available (Attention)
  warnings.warn("xFormers is not available (Attention)")
/scratch/sgoli125/mmfpn-try/mmpfn/models/dino_v2/layers/block.py:40: UserWarning: xFormers is not available (Block)
  warnings.warn("xFormers is not available (Block)")
Load embeddings from embeddings/pad_ufes_20/pad_ufes_20_dinov2.pt
[I 2026-09-17 14:57:27,822] A new study created in memory with name: no-name-15fa0559-3fa5-4cc5-b578-6d69809245ed
mgm_heads:16, cap_heads:24
[I 2026-09-17 14:57:27,823] Trial 0 finished with value: 0.0 and parameters: {'mgm_heads': 16, 'cap_heads': 24}. Best is trial 0 with value: 0.0.
mgm_heads:4, cap_heads:32
[I 2026-09-17 14:57:27,823] Trial 1 finished with value: 0.0 and parameters: {'mgm_heads': 4, 'cap_heads': 32}. Best is trial 0 with value: 0.0.
mgm_heads:256, cap_heads:16

Optimizer step skipped due to NaNs/infs in grad scaling.

Optimizer step skipped due to NaNs/infs in grad scaling.

[2026-09-17 14:59:15,374] INFO - Initial Validation Loss: 0.5968334349122 Best Validation Loss: 0.5001096659613717 Total Steps: 101 Best Step: 24 Total Time Spent: 106.76609063148499
accuracy_score (Finetuned): 0.8652173913043478

Optimizer step skipped due to NaNs/infs in grad scaling.

Optimizer step skipped due to NaNs/infs in grad scaling.

[2026-09-17 15:00:16,830] INFO - Initial Validation Loss: 0.6042782374223109 Best Validation Loss: 0.5718426486587768 Total Steps: 101 Best Step: 6 Total Time Spent: 57.95314335823059
accuracy_score (Finetuned): 0.7978260869565217

Optimizer step skipped due to NaNs/infs in grad scaling.

Optimizer step skipped due to NaNs/infs in grad scaling.

[2026-09-17 15:01:52,830] INFO - Initial Validation Loss: 0.6326963327792563 Best Validation Loss: 0.5685298318654418 Total Steps: 101 Best Step: 94 Total Time Spent: 92.91072416305542
accuracy_score (Finetuned): 0.8130434782608695

Optimizer step skipped due to NaNs/infs in grad scaling.

Optimizer step skipped due to NaNs/infs in grad scaling.

[2026-09-17 15:03:17,113] INFO - Initial Validation Loss: 0.5999719949818464 Best Validation Loss: 0.5144213275410674 Total Steps: 101 Best Step: 60 Total Time Spent: 81.50727915763855
accuracy_score (Finetuned): 0.85

Optimizer step skipped due to NaNs/infs in grad scaling.

Optimizer step skipped due to NaNs/infs in grad scaling.

[2026-09-17 15:05:22,489] INFO - Initial Validation Loss: 0.5401532176523172 Best Validation Loss: 0.4059021297011531 Total Steps: 101 Best Step: 100 Total Time Spent: 122.927734375
accuracy_score (Finetuned): 0.8543478260869565
Mean Accuracy: 0.8360869565217393
Std Accuracy: 0.02596347587275413
[I 2026-09-17 15:05:24,832] Trial 2 finished with value: 0.8360869565217393 and parameters: {'mgm_heads': 256, 'cap_heads': 16}. Best is trial 2 with value: 0.8360869565217393.
mgm_heads:64, cap_heads:2

Optimizer step skipped due to NaNs/infs in grad scaling.

Optimizer step skipped due to NaNs/infs in grad scaling.

Optimizer step skipped due to NaNs/infs in grad scaling.

[2026-09-17 15:06:00,835] INFO - Initial Validation Loss: 0.5659055639211268 Best Validation Loss: 0.47963228120641377 Total Steps: 101 Best Step: 84 Total Time Spent: 35.948694705963135
accuracy_score (Finetuned): 0.8673913043478261

Optimizer step skipped due to NaNs/infs in grad scaling.

Optimizer step skipped due to NaNs/infs in grad scaling.

[2026-09-17 15:06:42,825] INFO - Initial Validation Loss: 0.6273148713740955 Best Validation Loss: 0.507082711372833 Total Steps: 101 Best Step: 100 Total Time Spent: 41.15682101249695
accuracy_score (Finetuned): 0.8326086956521739

Optimizer step skipped due to NaNs/infs in grad scaling.

Optimizer step skipped due to NaNs/infs in grad scaling.

[2026-09-17 15:07:24,338] INFO - Initial Validation Loss: 0.6755494138244151 Best Validation Loss: 0.5513024928204517 Total Steps: 101 Best Step: 100 Total Time Spent: 40.757306814193726
accuracy_score (Finetuned): 0.8130434782608695

Optimizer step skipped due to NaNs/infs in grad scaling.

Optimizer step skipped due to NaNs/infs in grad scaling.

Optimizer step skipped due to NaNs/infs in grad scaling.

[2026-09-17 15:07:57,986] INFO - Initial Validation Loss: 0.5801613041652091 Best Validation Loss: 0.5078872533211749 Total Steps: 101 Best Step: 56 Total Time Spent: 32.798272371292114
accuracy_score (Finetuned): 0.85

Optimizer step skipped due to NaNs/infs in grad scaling.

Optimizer step skipped due to NaNs/infs in grad scaling.

[2026-09-17 15:08:35,779] INFO - Initial Validation Loss: 0.5776569618443274 Best Validation Loss: 0.43415347028499046 Total Steps: 101 Best Step: 100 Total Time Spent: 36.97041368484497
accuracy_score (Finetuned): 0.8434782608695652
Mean Accuracy: 0.8413043478260871
Std Accuracy: 0.018084029863552547
[I 2026-09-17 15:08:36,570] Trial 3 finished with value: 0.8413043478260871 and parameters: {'mgm_heads': 64, 'cap_heads': 2}. Best is trial 3 with value: 0.8413043478260871.
mgm_heads:32, cap_heads:4

Optimizer step skipped due to NaNs/infs in grad scaling.

Optimizer step skipped due to NaNs/infs in grad scaling.

Optimizer step skipped due to NaNs/infs in grad scaling.

[2026-09-17 15:09:01,246] INFO - Initial Validation Loss: 0.5768681572945099 Best Validation Loss: 0.5254724611725831 Total Steps: 101 Best Step: 97 Total Time Spent: 24.642455339431763
accuracy_score (Finetuned): 0.8608695652173913

Optimizer step skipped due to NaNs/infs in grad scaling.

Optimizer step skipped due to NaNs/infs in grad scaling.

[2026-09-17 15:09:38,260] INFO - Initial Validation Loss: 0.6319105817652853 Best Validation Loss: 0.5280281013416379 Total Steps: 101 Best Step: 100 Total Time Spent: 36.41730332374573
accuracy_score (Finetuned): 0.8304347826086956

Optimizer step skipped due to NaNs/infs in grad scaling.

Optimizer step skipped due to NaNs/infs in grad scaling.

[2026-09-17 15:10:02,882] INFO - Initial Validation Loss: 0.6507477160506585 Best Validation Loss: 0.5980830739736452 Total Steps: 101 Best Step: 68 Total Time Spent: 24.062259912490845
accuracy_score (Finetuned): 0.8217391304347826

Optimizer step skipped due to NaNs/infs in grad scaling.

Optimizer step skipped due to NaNs/infs in grad scaling.

[2026-09-17 15:10:31,417] INFO - Initial Validation Loss: 0.5910247635217655 Best Validation Loss: 0.5004450383163431 Total Steps: 101 Best Step: 86 Total Time Spent: 27.97462296485901
accuracy_score (Finetuned): 0.85

Optimizer step skipped due to NaNs/infs in grad scaling.

Optimizer step skipped due to NaNs/infs in grad scaling.

[2026-09-17 15:11:03,741] INFO - Initial Validation Loss: 0.5507093743198203 Best Validation Loss: 0.4610702155536978 Total Steps: 101 Best Step: 99 Total Time Spent: 31.479021787643433
accuracy_score (Finetuned): 0.8304347826086956
Mean Accuracy: 0.8386956521739132
Std Accuracy: 0.014446302370292307
[I 2026-09-17 15:11:04,284] Trial 4 finished with value: 0.8386956521739132 and parameters: {'mgm_heads': 32, 'cap_heads': 4}. Best is trial 3 with value: 0.8413043478260871.
mgm_heads:64, cap_heads:16

Optimizer step skipped due to NaNs/infs in grad scaling.

Optimizer step skipped due to NaNs/infs in grad scaling.

Optimizer step skipped due to NaNs/infs in grad scaling.

[2026-09-17 15:11:35,814] INFO - Initial Validation Loss: 0.5958922708281219 Best Validation Loss: 0.5051900948710294 Total Steps: 101 Best Step: 100 Total Time Spent: 31.492807626724243
accuracy_score (Finetuned): 0.8586956521739131

Optimizer step skipped due to NaNs/infs in grad scaling.

Optimizer step skipped due to NaNs/infs in grad scaling.

[2026-09-17 15:12:09,923] INFO - Initial Validation Loss: 0.6496454122139924 Best Validation Loss: 0.5375943875857947 Total Steps: 101 Best Step: 90 Total Time Spent: 33.22182846069336
accuracy_score (Finetuned): 0.8152173913043478

Optimizer step skipped due to NaNs/infs in grad scaling.

Optimizer step skipped due to NaNs/infs in grad scaling.

Optimizer step skipped due to NaNs/infs in grad scaling.

[2026-09-17 15:12:46,609] INFO - Initial Validation Loss: 0.6748289420555169 Best Validation Loss: 0.6037394717791108 Total Steps: 101 Best Step: 82 Total Time Spent: 35.61181998252869
accuracy_score (Finetuned): 0.8304347826086956

Optimizer step skipped due to NaNs/infs in grad scaling.

Optimizer step skipped due to NaNs/infs in grad scaling.

[2026-09-17 15:13:29,056] INFO - Initial Validation Loss: 0.6193319910170298 Best Validation Loss: 0.4886211016259971 Total Steps: 101 Best Step: 95 Total Time Spent: 41.54842567443848
accuracy_score (Finetuned): 0.85

Optimizer step skipped due to NaNs/infs in grad scaling.

Optimizer step skipped due to NaNs/infs in grad scaling.

[2026-09-17 15:14:02,583] INFO - Initial Validation Loss: 0.5217041523445526 Best Validation Loss: 0.4438258936378943 Total Steps: 101 Best Step: 24 Total Time Spent: 32.62477779388428
accuracy_score (Finetuned): 0.8173913043478261
Mean Accuracy: 0.8343478260869566
Std Accuracy: 0.017358665024067077
[I 2026-09-17 15:14:03,493] Trial 5 finished with value: 0.8343478260869566 and parameters: {'mgm_heads': 64, 'cap_heads': 16}. Best is trial 3 with value: 0.8413043478260871.
mgm_heads:2, cap_heads:24
[I 2026-09-17 15:14:03,493] Trial 6 finished with value: 0.0 and parameters: {'mgm_heads': 2, 'cap_heads': 24}. Best is trial 3 with value: 0.8413043478260871.
mgm_heads:64, cap_heads:4

Optimizer step skipped due to NaNs/infs in grad scaling.

Optimizer step skipped due to NaNs/infs in grad scaling.

[2026-09-17 15:14:38,436] INFO - Initial Validation Loss: 0.5838647056880006 Best Validation Loss: 0.48187393595195305 Total Steps: 101 Best Step: 87 Total Time Spent: 34.92005920410156
accuracy_score (Finetuned): 0.8630434782608696

Optimizer step skipped due to NaNs/infs in grad scaling.

Optimizer step skipped due to NaNs/infs in grad scaling.

[2026-09-17 15:15:23,087] INFO - Initial Validation Loss: 0.6186193823270048 Best Validation Loss: 0.5220836844013883 Total Steps: 101 Best Step: 100 Total Time Spent: 43.762452602386475
accuracy_score (Finetuned): 0.841304347826087

Optimizer step skipped due to NaNs/infs in grad scaling.

Optimizer step skipped due to NaNs/infs in grad scaling.

[2026-09-17 15:15:57,797] INFO - Initial Validation Loss: 0.6330586770177856 Best Validation Loss: 0.5496511278746401 Total Steps: 101 Best Step: 75 Total Time Spent: 33.91136646270752
accuracy_score (Finetuned): 0.8260869565217391

Optimizer step skipped due to NaNs/infs in grad scaling.

Optimizer step skipped due to NaNs/infs in grad scaling.

[2026-09-17 15:16:36,567] INFO - Initial Validation Loss: 0.5776997579447034 Best Validation Loss: 0.4788531103070226 Total Steps: 101 Best Step: 86 Total Time Spent: 37.92864990234375
accuracy_score (Finetuned): 0.8565217391304348

Optimizer step skipped due to NaNs/infs in grad scaling.

Optimizer step skipped due to NaNs/infs in grad scaling.

[2026-09-17 15:17:26,950] INFO - Initial Validation Loss: 0.5362069102588436 Best Validation Loss: 0.37763950005180724 Total Steps: 101 Best Step: 95 Total Time Spent: 49.556544065475464
accuracy_score (Finetuned): 0.841304347826087
Mean Accuracy: 0.8456521739130436
Std Accuracy: 0.012970812078414178
[I 2026-09-17 15:17:27,772] Trial 7 finished with value: 0.8456521739130436 and parameters: {'mgm_heads': 64, 'cap_heads': 4}. Best is trial 7 with value: 0.8456521739130436.
mgm_heads:16, cap_heads:32
[I 2026-09-17 15:17:27,772] Trial 8 finished with value: 0.0 and parameters: {'mgm_heads': 16, 'cap_heads': 32}. Best is trial 7 with value: 0.8456521739130436.
mgm_heads:32, cap_heads:24

Optimizer step skipped due to NaNs/infs in grad scaling.

Optimizer step skipped due to NaNs/infs in grad scaling.

[2026-09-17 15:18:03,193] INFO - Initial Validation Loss: 0.6022569138430321 Best Validation Loss: 0.4946493209233041 Total Steps: 101 Best Step: 86 Total Time Spent: 35.37984609603882
accuracy_score (Finetuned): 0.8652173913043478

Optimizer step skipped due to NaNs/infs in grad scaling.

Optimizer step skipped due to NaNs/infs in grad scaling.

[2026-09-17 15:18:41,002] INFO - Initial Validation Loss: 0.6043918393387598 Best Validation Loss: 0.5031534900916105 Total Steps: 101 Best Step: 66 Total Time Spent: 36.86937713623047
accuracy_score (Finetuned): 0.8260869565217391

Optimizer step skipped due to NaNs/infs in grad scaling.

Optimizer step skipped due to NaNs/infs in grad scaling.

[2026-09-17 15:19:14,723] INFO - Initial Validation Loss: 0.6967318763466573 Best Validation Loss: 0.5534615107557314 Total Steps: 101 Best Step: 78 Total Time Spent: 33.04852056503296
accuracy_score (Finetuned): 0.8282608695652174

Optimizer step skipped due to NaNs/infs in grad scaling.

Optimizer step skipped due to NaNs/infs in grad scaling.

[2026-09-17 15:19:49,391] INFO - Initial Validation Loss: 0.5997181414659719 Best Validation Loss: 0.45766573991406195 Total Steps: 101 Best Step: 72 Total Time Spent: 33.99645709991455
accuracy_score (Finetuned): 0.8326086956521739

Optimizer step skipped due to NaNs/infs in grad scaling.

Optimizer step skipped due to NaNs/infs in grad scaling.

[2026-09-17 15:20:29,764] INFO - Initial Validation Loss: 0.5408453670185989 Best Validation Loss: 0.41465929335110435 Total Steps: 101 Best Step: 100 Total Time Spent: 39.615758180618286
accuracy_score (Finetuned): 0.85
Mean Accuracy: 0.8404347826086955
Std Accuracy: 0.014973195963237014
[I 2026-09-17 15:20:30,439] Trial 9 finished with value: 0.8404347826086955 and parameters: {'mgm_heads': 32, 'cap_heads': 24}. Best is trial 7 with value: 0.8456521739130436.
mgm_heads:4, cap_heads:24
[I 2026-09-17 15:20:30,440] Trial 10 finished with value: 0.0 and parameters: {'mgm_heads': 4, 'cap_heads': 24}. Best is trial 7 with value: 0.8456521739130436.
mgm_heads:256, cap_heads:8

Optimizer step skipped due to NaNs/infs in grad scaling.

Optimizer step skipped due to NaNs/infs in grad scaling.

[2026-09-17 15:21:43,010] INFO - Initial Validation Loss: 0.5715796408555557 Best Validation Loss: 0.5141485849967158 Total Steps: 101 Best Step: 100 Total Time Spent: 72.5246913433075
accuracy_score (Finetuned): 0.8695652173913043

Optimizer step skipped due to NaNs/infs in grad scaling.

Optimizer step skipped due to NaNs/infs in grad scaling.

[2026-09-17 15:23:12,038] INFO - Initial Validation Loss: 0.6146594210075025 Best Validation Loss: 0.5292934593081619 Total Steps: 101 Best Step: 83 Total Time Spent: 86.61618542671204
accuracy_score (Finetuned): 0.8369565217391305

Optimizer step skipped due to NaNs/infs in grad scaling.

Optimizer step skipped due to NaNs/infs in grad scaling.

Optimizer step skipped due to NaNs/infs in grad scaling.

[2026-09-17 15:24:30,747] INFO - Initial Validation Loss: 0.6551569355004101 Best Validation Loss: 0.535166497793834 Total Steps: 101 Best Step: 77 Total Time Spent: 76.27826952934265
accuracy_score (Finetuned): 0.8239130434782609

Optimizer step skipped due to NaNs/infs in grad scaling.

Optimizer step skipped due to NaNs/infs in grad scaling.

[2026-09-17 15:25:41,624] INFO - Initial Validation Loss: 0.5795309743763769 Best Validation Loss: 0.483013011581613 Total Steps: 101 Best Step: 29 Total Time Spent: 68.46370792388916
accuracy_score (Finetuned): 0.8608695652173913

Optimizer step skipped due to NaNs/infs in grad scaling.

Optimizer step skipped due to NaNs/infs in grad scaling.

[2026-09-17 15:27:36,518] INFO - Initial Validation Loss: 0.5214306660335738 Best Validation Loss: 0.3958631944156414 Total Steps: 101 Best Step: 100 Total Time Spent: 112.16307520866394
accuracy_score (Finetuned): 0.8369565217391305
Mean Accuracy: 0.8456521739130436
Std Accuracy: 0.016895094980630805
[I 2026-09-17 15:27:38,962] Trial 11 finished with value: 0.8456521739130436 and parameters: {'mgm_heads': 256, 'cap_heads': 8}. Best is trial 7 with value: 0.8456521739130436.
mgm_heads:64, cap_heads:32

Optimizer step skipped due to NaNs/infs in grad scaling.

Optimizer step skipped due to NaNs/infs in grad scaling.

[2026-09-17 15:28:18,320] INFO - Initial Validation Loss: 0.5668343103536422 Best Validation Loss: 0.5025767594173544 Total Steps: 101 Best Step: 73 Total Time Spent: 39.28816795349121
accuracy_score (Finetuned): 0.8565217391304348

Optimizer step skipped due to NaNs/infs in grad scaling.

Optimizer step skipped due to NaNs/infs in grad scaling.

[2026-09-17 15:28:57,479] INFO - Initial Validation Loss: 0.5985190931679335 Best Validation Loss: 0.5413668327716374 Total Steps: 101 Best Step: 16 Total Time Spent: 38.185057401657104
accuracy_score (Finetuned): 0.8108695652173913

Optimizer step skipped due to NaNs/infs in grad scaling.

Optimizer step skipped due to NaNs/infs in grad scaling.

[2026-09-17 15:29:42,274] INFO - Initial Validation Loss: 0.6296729045248263 Best Validation Loss: 0.5510154682482071 Total Steps: 101 Best Step: 86 Total Time Spent: 43.75146532058716
accuracy_score (Finetuned): 0.8282608695652174

Optimizer step skipped due to NaNs/infs in grad scaling.

Optimizer step skipped due to NaNs/infs in grad scaling.

[2026-09-17 15:30:37,069] INFO - Initial Validation Loss: 0.552915513901898 Best Validation Loss: 0.4388057009207774 Total Steps: 101 Best Step: 88 Total Time Spent: 53.709635972976685
accuracy_score (Finetuned): 0.8608695652173913

Optimizer step skipped due to NaNs/infs in grad scaling.

Optimizer step skipped due to NaNs/infs in grad scaling.

[2026-09-17 15:31:31,684] INFO - Initial Validation Loss: 0.521865844763807 Best Validation Loss: 0.4228655992052482 Total Steps: 101 Best Step: 100 Total Time Spent: 53.55397820472717
accuracy_score (Finetuned): 0.8369565217391305
Mean Accuracy: 0.8386956521739132
Std Accuracy: 0.018415494421345564
[I 2026-09-17 15:31:32,804] Trial 12 finished with value: 0.8386956521739132 and parameters: {'mgm_heads': 64, 'cap_heads': 32}. Best is trial 7 with value: 0.8456521739130436.
mgm_heads:16, cap_heads:2

Optimizer step skipped due to NaNs/infs in grad scaling.

Optimizer step skipped due to NaNs/infs in grad scaling.

[2026-09-17 15:31:58,747] INFO - Initial Validation Loss: 0.5704996218831508 Best Validation Loss: 0.5248749242869432 Total Steps: 101 Best Step: 100 Total Time Spent: 25.88418197631836
accuracy_score (Finetuned): 0.8717391304347826

Optimizer step skipped due to NaNs/infs in grad scaling.

Optimizer step skipped due to NaNs/infs in grad scaling.

[2026-09-17 15:32:28,058] INFO - Initial Validation Loss: 0.6190762649580442 Best Validation Loss: 0.5214599154829727 Total Steps: 101 Best Step: 88 Total Time Spent: 28.837971687316895
accuracy_score (Finetuned): 0.8239130434782609

Optimizer step skipped due to NaNs/infs in grad scaling.

Optimizer step skipped due to NaNs/infs in grad scaling.

Optimizer step skipped due to NaNs/infs in grad scaling.

[2026-09-17 15:32:58,001] INFO - Initial Validation Loss: 0.6614128083384448 Best Validation Loss: 0.5387284425850501 Total Steps: 101 Best Step: 87 Total Time Spent: 29.483332872390747
accuracy_score (Finetuned): 0.8217391304347826

Optimizer step skipped due to NaNs/infs in grad scaling.

Optimizer step skipped due to NaNs/infs in grad scaling.

[2026-09-17 15:33:23,643] INFO - Initial Validation Loss: 0.5636340773418815 Best Validation Loss: 0.5022810266992649 Total Steps: 101 Best Step: 84 Total Time Spent: 25.227504014968872
accuracy_score (Finetuned): 0.8586956521739131

Optimizer step skipped due to NaNs/infs in grad scaling.

Optimizer step skipped due to NaNs/infs in grad scaling.

[2026-09-17 15:33:53,164] INFO - Initial Validation Loss: 0.5400466474401976 Best Validation Loss: 0.4205380177068696 Total Steps: 101 Best Step: 83 Total Time Spent: 29.107426166534424
accuracy_score (Finetuned): 0.8173913043478261
Mean Accuracy: 0.838695652173913
Std Accuracy: 0.022144054918690138
