[I 2026-09-17 15:33:53,538] Trial 13 finished with value: 0.838695652173913 and parameters: {'mgm_heads': 16, 'cap_heads': 2}. Best is trial 7 with value: 0.8456521739130436.
mgm_heads:256, cap_heads:32

Optimizer step skipped due to NaNs/infs in grad scaling.

Optimizer step skipped due to NaNs/infs in grad scaling.

Optimizer step skipped due to NaNs/infs in grad scaling.

Optimizer step skipped due to NaNs/infs in grad scaling.

[2026-09-17 15:34:59,815] INFO - Initial Validation Loss: 0.5762472461043567 Best Validation Loss: 0.5239948293772609 Total Steps: 101 Best Step: 100 Total Time Spent: 66.26197266578674
accuracy_score (Finetuned): 0.8826086956521739

Optimizer step skipped due to NaNs/infs in grad scaling.

Optimizer step skipped due to NaNs/infs in grad scaling.

[2026-09-17 15:36:34,081] INFO - Initial Validation Loss: 0.60697428340902 Best Validation Loss: 0.47861560260670777 Total Steps: 101 Best Step: 45 Total Time Spent: 91.83268332481384
accuracy_score (Finetuned): 0.8391304347826087

Optimizer step skipped due to NaNs/infs in grad scaling.

Optimizer step skipped due to NaNs/infs in grad scaling.

[2026-09-17 15:37:52,431] INFO - Initial Validation Loss: 0.6345491014550405 Best Validation Loss: 0.5557901406299482 Total Steps: 101 Best Step: 36 Total Time Spent: 75.42408490180969
accuracy_score (Finetuned): 0.8239130434782609

Optimizer step skipped due to NaNs/infs in grad scaling.

Optimizer step skipped due to NaNs/infs in grad scaling.

[2026-09-17 15:39:35,989] INFO - Initial Validation Loss: 0.5787066078333619 Best Validation Loss: 0.4579321792107357 Total Steps: 101 Best Step: 74 Total Time Spent: 100.63154125213623
accuracy_score (Finetuned): 0.8434782608695652

Optimizer step skipped due to NaNs/infs in grad scaling.

Optimizer step skipped due to NaNs/infs in grad scaling.

[2026-09-17 15:41:41,558] INFO - Initial Validation Loss: 0.5508729321040194 Best Validation Loss: 0.41567751748839 Total Steps: 101 Best Step: 97 Total Time Spent: 122.72411370277405
accuracy_score (Finetuned): 0.841304347826087
Mean Accuracy: 0.8460869565217392
Std Accuracy: 0.019512004932449454
[I 2026-09-17 15:41:44,122] Trial 14 finished with value: 0.8460869565217392 and parameters: {'mgm_heads': 256, 'cap_heads': 32}. Best is trial 14 with value: 0.8460869565217392.
mgm_heads:64, cap_heads:8

Optimizer step skipped due to NaNs/infs in grad scaling.

Optimizer step skipped due to NaNs/infs in grad scaling.

[2026-09-17 15:42:22,173] INFO - Initial Validation Loss: 0.5857924877566869 Best Validation Loss: 0.511874602034907 Total Steps: 101 Best Step: 85 Total Time Spent: 37.99190711975098
accuracy_score (Finetuned): 0.8565217391304348

Optimizer step skipped due to NaNs/infs in grad scaling.

Optimizer step skipped due to NaNs/infs in grad scaling.

[2026-09-17 15:42:57,778] INFO - Initial Validation Loss: 0.6037076119325275 Best Validation Loss: 0.5065859115085398 Total Steps: 101 Best Step: 54 Total Time Spent: 34.64365768432617
accuracy_score (Finetuned): 0.8260869565217391

Optimizer step skipped due to NaNs/infs in grad scaling.

Optimizer step skipped due to NaNs/infs in grad scaling.

[2026-09-17 15:43:40,910] INFO - Initial Validation Loss: 0.6535971830585613 Best Validation Loss: 0.537723477133557 Total Steps: 101 Best Step: 97 Total Time Spent: 42.29532194137573
accuracy_score (Finetuned): 0.8304347826086956

Optimizer step skipped due to NaNs/infs in grad scaling.

Optimizer step skipped due to NaNs/infs in grad scaling.

Optimizer step skipped due to NaNs/infs in grad scaling.

[2026-09-17 15:44:18,295] INFO - Initial Validation Loss: 0.5819387945562243 Best Validation Loss: 0.4638407085164101 Total Steps: 101 Best Step: 83 Total Time Spent: 36.571572065353394
accuracy_score (Finetuned): 0.8434782608695652

Optimizer step skipped due to NaNs/infs in grad scaling.

Optimizer step skipped due to NaNs/infs in grad scaling.

[2026-09-17 15:45:08,188] INFO - Initial Validation Loss: 0.5394877849215733 Best Validation Loss: 0.3856852075499169 Total Steps: 101 Best Step: 100 Total Time Spent: 49.08441972732544
accuracy_score (Finetuned): 0.8521739130434782
Mean Accuracy: 0.8417391304347828
Std Accuracy: 0.011859288432161623
[I 2026-09-17 15:45:09,073] Trial 15 finished with value: 0.8417391304347828 and parameters: {'mgm_heads': 64, 'cap_heads': 8}. Best is trial 14 with value: 0.8460869565217392.
mgm_heads:4, cap_heads:8
[I 2026-09-17 15:45:09,074] Trial 16 finished with value: 0.0 and parameters: {'mgm_heads': 4, 'cap_heads': 8}. Best is trial 14 with value: 0.8460869565217392.
mgm_heads:4, cap_heads:16
[I 2026-09-17 15:45:09,075] Trial 17 finished with value: 0.0 and parameters: {'mgm_heads': 4, 'cap_heads': 16}. Best is trial 14 with value: 0.8460869565217392.
mgm_heads:16, cap_heads:8

Optimizer step skipped due to NaNs/infs in grad scaling.

Optimizer step skipped due to NaNs/infs in grad scaling.

[2026-09-17 15:45:37,386] INFO - Initial Validation Loss: 0.5961399113031666 Best Validation Loss: 0.5149307012704322 Total Steps: 101 Best Step: 95 Total Time Spent: 28.28741478919983
accuracy_score (Finetuned): 0.8652173913043478

Optimizer step skipped due to NaNs/infs in grad scaling.

Optimizer step skipped due to NaNs/infs in grad scaling.

[2026-09-17 15:46:01,284] INFO - Initial Validation Loss: 0.610979751251366 Best Validation Loss: 0.508257434243448 Total Steps: 101 Best Step: 39 Total Time Spent: 23.454566478729248
accuracy_score (Finetuned): 0.8065217391304348

Optimizer step skipped due to NaNs/infs in grad scaling.

Optimizer step skipped due to NaNs/infs in grad scaling.

[2026-09-17 15:46:25,709] INFO - Initial Validation Loss: 0.6206082829278208 Best Validation Loss: 0.5491617791406855 Total Steps: 101 Best Step: 81 Total Time Spent: 23.934776544570923
accuracy_score (Finetuned): 0.8130434782608695

Optimizer step skipped due to NaNs/infs in grad scaling.

Optimizer step skipped due to NaNs/infs in grad scaling.

[2026-09-17 15:46:50,931] INFO - Initial Validation Loss: 0.5792099862255868 Best Validation Loss: 0.4813828331001368 Total Steps: 101 Best Step: 77 Total Time Spent: 24.730854272842407
accuracy_score (Finetuned): 0.85

Optimizer step skipped due to NaNs/infs in grad scaling.

Optimizer step skipped due to NaNs/infs in grad scaling.

[2026-09-17 15:47:19,769] INFO - Initial Validation Loss: 0.5324573290987074 Best Validation Loss: 0.433785694456598 Total Steps: 101 Best Step: 97 Total Time Spent: 28.395689010620117
accuracy_score (Finetuned): 0.8369565217391305
Mean Accuracy: 0.8343478260869566
Std Accuracy: 0.022058523293853608
[I 2026-09-17 15:47:20,392] Trial 18 finished with value: 0.8343478260869566 and parameters: {'mgm_heads': 16, 'cap_heads': 8}. Best is trial 14 with value: 0.8460869565217392.
mgm_heads:32, cap_heads:32

Optimizer step skipped due to NaNs/infs in grad scaling.

Optimizer step skipped due to NaNs/infs in grad scaling.

Optimizer step skipped due to NaNs/infs in grad scaling.

[2026-09-17 15:47:51,486] INFO - Initial Validation Loss: 0.5757330808141746 Best Validation Loss: 0.5055129004324196 Total Steps: 101 Best Step: 48 Total Time Spent: 31.062994718551636
accuracy_score (Finetuned): 0.8586956521739131

Optimizer step skipped due to NaNs/infs in grad scaling.

Optimizer step skipped due to NaNs/infs in grad scaling.

[2026-09-17 15:48:29,551] INFO - Initial Validation Loss: 0.600212682734363 Best Validation Loss: 0.5232086835106611 Total Steps: 101 Best Step: 65 Total Time Spent: 37.322755575180054
accuracy_score (Finetuned): 0.8043478260869565

Optimizer step skipped due to NaNs/infs in grad scaling.

Optimizer step skipped due to NaNs/infs in grad scaling.

[2026-09-17 15:49:05,194] INFO - Initial Validation Loss: 0.6446074898927199 Best Validation Loss: 0.5815575195464049 Total Steps: 101 Best Step: 67 Total Time Spent: 34.925694942474365
accuracy_score (Finetuned): 0.8108695652173913

Optimizer step skipped due to NaNs/infs in grad scaling.

Optimizer step skipped due to NaNs/infs in grad scaling.

[2026-09-17 15:49:36,469] INFO - Initial Validation Loss: 0.5620456951594291 Best Validation Loss: 0.511697376277743 Total Steps: 101 Best Step: 18 Total Time Spent: 30.492575645446777
accuracy_score (Finetuned): 0.8217391304347826

Optimizer step skipped due to NaNs/infs in grad scaling.

Optimizer step skipped due to NaNs/infs in grad scaling.

Optimizer step skipped due to NaNs/infs in grad scaling.

[2026-09-17 15:50:09,349] INFO - Initial Validation Loss: 0.5326695853094617 Best Validation Loss: 0.4478917705063402 Total Steps: 101 Best Step: 100 Total Time Spent: 31.918339252471924
accuracy_score (Finetuned): 0.8282608695652174
Mean Accuracy: 0.8247826086956522
Std Accuracy: 0.018881783261398676
[I 2026-09-17 15:50:10,043] Trial 19 finished with value: 0.8247826086956522 and parameters: {'mgm_heads': 32, 'cap_heads': 32}. Best is trial 14 with value: 0.8460869565217392.
mgm_heads:4, cap_heads:4

Optimizer step skipped due to NaNs/infs in grad scaling.

Optimizer step skipped due to NaNs/infs in grad scaling.

[2026-09-17 15:50:30,011] INFO - Initial Validation Loss: 0.5838031753461417 Best Validation Loss: 0.5567010837092863 Total Steps: 101 Best Step: 14 Total Time Spent: 19.558231592178345
accuracy_score (Finetuned): 0.8630434782608696

Optimizer step skipped due to NaNs/infs in grad scaling.

Optimizer step skipped due to NaNs/infs in grad scaling.

[2026-09-17 15:50:52,921] INFO - Initial Validation Loss: 0.635037200999346 Best Validation Loss: 0.5239867835089642 Total Steps: 101 Best Step: 77 Total Time Spent: 22.56209969520569
accuracy_score (Finetuned): 0.8173913043478261

Optimizer step skipped due to NaNs/infs in grad scaling.

Optimizer step skipped due to NaNs/infs in grad scaling.

Optimizer step skipped due to NaNs/infs in grad scaling.

[2026-09-17 15:51:15,453] INFO - Initial Validation Loss: 0.6594734035108616 Best Validation Loss: 0.5654923614925428 Total Steps: 101 Best Step: 100 Total Time Spent: 22.157635927200317
accuracy_score (Finetuned): 0.8065217391304348

Optimizer step skipped due to NaNs/infs in grad scaling.

Optimizer step skipped due to NaNs/infs in grad scaling.

[2026-09-17 15:51:37,677] INFO - Initial Validation Loss: 0.58409824191538 Best Validation Loss: 0.5010948979420928 Total Steps: 101 Best Step: 70 Total Time Spent: 21.86189603805542
accuracy_score (Finetuned): 0.8456521739130435

Optimizer step skipped due to NaNs/infs in grad scaling.

Optimizer step skipped due to NaNs/infs in grad scaling.

[2026-09-17 15:51:59,902] INFO - Initial Validation Loss: 0.5370861340964959 Best Validation Loss: 0.4518051158291378 Total Steps: 101 Best Step: 38 Total Time Spent: 21.863356590270996
accuracy_score (Finetuned): 0.8239130434782609
Mean Accuracy: 0.831304347826087
Std Accuracy: 0.020374564371930397
[I 2026-09-17 15:52:00,257] Trial 20 finished with value: 0.831304347826087 and parameters: {'mgm_heads': 4, 'cap_heads': 4}. Best is trial 14 with value: 0.8460869565217392.
mgm_heads:256, cap_heads:4

Optimizer step skipped due to NaNs/infs in grad scaling.

Optimizer step skipped due to NaNs/infs in grad scaling.

Optimizer step skipped due to NaNs/infs in grad scaling.

[2026-09-17 15:52:55,562] INFO - Initial Validation Loss: 0.6006645784356962 Best Validation Loss: 0.5284509967808793 Total Steps: 101 Best Step: 16 Total Time Spent: 55.29066753387451
accuracy_score (Finetuned): 0.8434782608695652

Optimizer step skipped due to NaNs/infs in grad scaling.

Optimizer step skipped due to NaNs/infs in grad scaling.

[2026-09-17 15:54:26,173] INFO - Initial Validation Loss: 0.5998601595887375 Best Validation Loss: 0.5059588272226435 Total Steps: 101 Best Step: 65 Total Time Spent: 88.18548130989075
accuracy_score (Finetuned): 0.8304347826086956

Optimizer step skipped due to NaNs/infs in grad scaling.

Optimizer step skipped due to NaNs/infs in grad scaling.

Optimizer step skipped due to NaNs/infs in grad scaling.

[2026-09-17 15:55:27,683] INFO - Initial Validation Loss: 0.6333476766684848 Best Validation Loss: 0.5764784827564291 Total Steps: 101 Best Step: 16 Total Time Spent: 59.03671836853027
accuracy_score (Finetuned): 0.8217391304347826

Optimizer step skipped due to NaNs/infs in grad scaling.

Optimizer step skipped due to NaNs/infs in grad scaling.

[2026-09-17 15:56:25,231] INFO - Initial Validation Loss: 0.5823940887458893 Best Validation Loss: 0.521249716217973 Total Steps: 101 Best Step: 15 Total Time Spent: 55.07093095779419
accuracy_score (Finetuned): 0.8347826086956521

Optimizer step skipped due to NaNs/infs in grad scaling.

Optimizer step skipped due to NaNs/infs in grad scaling.

Optimizer step skipped due to NaNs/infs in grad scaling.

[2026-09-17 15:58:14,412] INFO - Initial Validation Loss: 0.5309845624680704 Best Validation Loss: 0.3942523681039908 Total Steps: 101 Best Step: 100 Total Time Spent: 106.51444816589355
accuracy_score (Finetuned): 0.8521739130434782
Mean Accuracy: 0.8365217391304348
Std Accuracy: 0.010506996498777876
[I 2026-09-17 15:58:16,840] Trial 21 finished with value: 0.8365217391304348 and parameters: {'mgm_heads': 256, 'cap_heads': 4}. Best is trial 14 with value: 0.8460869565217392.
mgm_heads:128, cap_heads:2

Optimizer step skipped due to NaNs/infs in grad scaling.

Optimizer step skipped due to NaNs/infs in grad scaling.

[2026-09-17 15:59:02,921] INFO - Initial Validation Loss: 0.5992157361984038 Best Validation Loss: 0.4736886521710879 Total Steps: 101 Best Step: 72 Total Time Spent: 46.02675771713257
accuracy_score (Finetuned): 0.8695652173913043

Optimizer step skipped due to NaNs/infs in grad scaling.

Optimizer step skipped due to NaNs/infs in grad scaling.

Optimizer step skipped due to NaNs/infs in grad scaling.

[2026-09-17 15:59:51,074] INFO - Initial Validation Loss: 0.6275377310786925 Best Validation Loss: 0.5156444211315104 Total Steps: 101 Best Step: 100 Total Time Spent: 46.84210205078125
accuracy_score (Finetuned): 0.8152173913043478

Optimizer step skipped due to NaNs/infs in grad scaling.

Optimizer step skipped due to NaNs/infs in grad scaling.

Optimizer step skipped due to NaNs/infs in grad scaling.

[2026-09-17 16:00:44,033] INFO - Initial Validation Loss: 0.6582829167412779 Best Validation Loss: 0.5371887820710428 Total Steps: 101 Best Step: 100 Total Time Spent: 51.63492274284363
accuracy_score (Finetuned): 0.8130434782608695

Optimizer step skipped due to NaNs/infs in grad scaling.

Optimizer step skipped due to NaNs/infs in grad scaling.

[2026-09-17 16:01:30,019] INFO - Initial Validation Loss: 0.605262565981974 Best Validation Loss: 0.5185780868685942 Total Steps: 101 Best Step: 84 Total Time Spent: 44.63101005554199
accuracy_score (Finetuned): 0.8565217391304348

Optimizer step skipped due to NaNs/infs in grad scaling.

Optimizer step skipped due to NaNs/infs in grad scaling.

[2026-09-17 16:02:37,829] INFO - Initial Validation Loss: 0.5829955258276311 Best Validation Loss: 0.4043076685428202 Total Steps: 101 Best Step: 92 Total Time Spent: 66.51787328720093
accuracy_score (Finetuned): 0.8304347826086956
Mean Accuracy: 0.8369565217391305
Std Accuracy: 0.022508137574860514
[I 2026-09-17 16:02:39,103] Trial 22 finished with value: 0.8369565217391305 and parameters: {'mgm_heads': 128, 'cap_heads': 2}. Best is trial 14 with value: 0.8460869565217392.
mgm_heads:32, cap_heads:8

Optimizer step skipped due to NaNs/infs in grad scaling.

Optimizer step skipped due to NaNs/infs in grad scaling.

[2026-09-17 16:03:05,618] INFO - Initial Validation Loss: 0.5815548022623136 Best Validation Loss: 0.5096158946914906 Total Steps: 101 Best Step: 60 Total Time Spent: 26.48031783103943
accuracy_score (Finetuned): 0.8434782608695652

Optimizer step skipped due to NaNs/infs in grad scaling.

Optimizer step skipped due to NaNs/infs in grad scaling.

[2026-09-17 16:03:38,625] INFO - Initial Validation Loss: 0.6296105390901505 Best Validation Loss: 0.5583699170120581 Total Steps: 101 Best Step: 100 Total Time Spent: 32.41912078857422
accuracy_score (Finetuned): 0.8173913043478261

Optimizer step skipped due to NaNs/infs in grad scaling.

Optimizer step skipped due to NaNs/infs in grad scaling.

[2026-09-17 16:04:08,893] INFO - Initial Validation Loss: 0.6582855283851691 Best Validation Loss: 0.5604107488196923 Total Steps: 101 Best Step: 75 Total Time Spent: 29.687095880508423
accuracy_score (Finetuned): 0.8434782608695652

Optimizer step skipped due to NaNs/infs in grad scaling.

Optimizer step skipped due to NaNs/infs in grad scaling.

[2026-09-17 16:04:35,438] INFO - Initial Validation Loss: 0.5577367019372946 Best Validation Loss: 0.5193417878016374 Total Steps: 101 Best Step: 77 Total Time Spent: 25.96972680091858
accuracy_score (Finetuned): 0.8695652173913043

Optimizer step skipped due to NaNs/infs in grad scaling.

Optimizer step skipped due to NaNs/infs in grad scaling.

[2026-09-17 16:05:03,960] INFO - Initial Validation Loss: 0.543782689328543 Best Validation Loss: 0.4689623742767201 Total Steps: 101 Best Step: 100 Total Time Spent: 27.935237407684326
accuracy_score (Finetuned): 0.8217391304347826
Mean Accuracy: 0.8391304347826087
Std Accuracy: 0.01865009616480625
[I 2026-09-17 16:05:04,505] Trial 23 finished with value: 0.8391304347826087 and parameters: {'mgm_heads': 32, 'cap_heads': 8}. Best is trial 14 with value: 0.8460869565217392.
mgm_heads:64, cap_heads:24

Optimizer step skipped due to NaNs/infs in grad scaling.

Optimizer step skipped due to NaNs/infs in grad scaling.

[2026-09-17 16:05:47,837] INFO - Initial Validation Loss: 0.567909565620261 Best Validation Loss: 0.48976143025571717 Total Steps: 101 Best Step: 95 Total Time Spent: 43.312949419021606
accuracy_score (Finetuned): 0.8739130434782608

Optimizer step skipped due to NaNs/infs in grad scaling.

Optimizer step skipped due to NaNs/infs in grad scaling.

[2026-09-17 16:06:26,046] INFO - Initial Validation Loss: 0.5953199231860424 Best Validation Loss: 0.5249542117096679 Total Steps: 101 Best Step: 72 Total Time Spent: 37.300374269485474
accuracy_score (Finetuned): 0.8347826086956521

Optimizer step skipped due to NaNs/infs in grad scaling.

Optimizer step skipped due to NaNs/infs in grad scaling.

[2026-09-17 16:07:04,434] INFO - Initial Validation Loss: 0.6110206496127057 Best Validation Loss: 0.5533356280947522 Total Steps: 101 Best Step: 65 Total Time Spent: 37.47638535499573
accuracy_score (Finetuned): 0.8239130434782609

Optimizer step skipped due to NaNs/infs in grad scaling.

Optimizer step skipped due to NaNs/infs in grad scaling.

[2026-09-17 16:07:42,949] INFO - Initial Validation Loss: 0.5528071399957536 Best Validation Loss: 0.4926111368651593 Total Steps: 101 Best Step: 64 Total Time Spent: 37.521501302719116
accuracy_score (Finetuned): 0.85

Optimizer step skipped due to NaNs/infs in grad scaling.

Optimizer step skipped due to NaNs/infs in grad scaling.

[2026-09-17 16:08:27,135] INFO - Initial Validation Loss: 0.5282325703354325 Best Validation Loss: 0.4187048790658993 Total Steps: 101 Best Step: 86 Total Time Spent: 42.92835855484009
accuracy_score (Finetuned): 0.8391304347826087
Mean Accuracy: 0.8443478260869565
Std Accuracy: 0.016984369551847466
[I 2026-09-17 16:08:28,099] Trial 24 finished with value: 0.8443478260869565 and parameters: {'mgm_heads': 64, 'cap_heads': 24}. Best is trial 14 with value: 0.8460869565217392.
mgm_heads:2, cap_heads:8
[I 2026-09-17 16:08:28,100] Trial 25 finished with value: 0.0 and parameters: {'mgm_heads': 2, 'cap_heads': 8}. Best is trial 14 with value: 0.8460869565217392.
mgm_heads:2, cap_heads:32
[I 2026-09-17 16:08:28,101] Trial 26 finished with value: 0.0 and parameters: {'mgm_heads': 2, 'cap_heads': 32}. Best is trial 14 with value: 0.8460869565217392.
mgm_heads:2, cap_heads:4
[I 2026-09-17 16:08:28,102] Trial 27 finished with value: 0.0 and parameters: {'mgm_heads': 2, 'cap_heads': 4}. Best is trial 14 with value: 0.8460869565217392.
mgm_heads:256, cap_heads:24

Optimizer step skipped due to NaNs/infs in grad scaling.

Optimizer step skipped due to NaNs/infs in grad scaling.

[2026-09-17 16:09:40,830] INFO - Initial Validation Loss: 0.658245429072715 Best Validation Loss: 0.4813840028443469 Total Steps: 101 Best Step: 62 Total Time Spent: 72.70563316345215
accuracy_score (Finetuned): 0.8652173913043478

Optimizer step skipped due to NaNs/infs in grad scaling.

Optimizer step skipped due to NaNs/infs in grad scaling.

[2026-09-17 16:11:40,262] INFO - Initial Validation Loss: 0.6919851440888966 Best Validation Loss: 0.4540119718456747 Total Steps: 101 Best Step: 75 Total Time Spent: 116.945152759552
accuracy_score (Finetuned): 0.8217391304347826

Optimizer step skipped due to NaNs/infs in grad scaling.

Optimizer step skipped due to NaNs/infs in grad scaling.

[2026-09-17 16:12:51,607] INFO - Initial Validation Loss: 0.7263806007375437 Best Validation Loss: 0.5437290948146025 Total Steps: 101 Best Step: 44 Total Time Spent: 68.78248882293701
accuracy_score (Finetuned): 0.8391304347826087

Optimizer step skipped due to NaNs/infs in grad scaling.

Optimizer step skipped due to NaNs/infs in grad scaling.

[2026-09-17 16:14:18,474] INFO - Initial Validation Loss: 0.6492573626785745 Best Validation Loss: 0.5039909029353666 Total Steps: 101 Best Step: 90 Total Time Spent: 84.27334380149841
accuracy_score (Finetuned): 0.8739130434782608

Optimizer step skipped due to NaNs/infs in grad scaling.

Optimizer step skipped due to NaNs/infs in grad scaling.

Optimizer step skipped due to NaNs/infs in grad scaling.

[2026-09-17 16:16:07,826] INFO - Initial Validation Loss: 0.5507277603043809 Best Validation Loss: 0.4102840877285138 Total Steps: 101 Best Step: 99 Total Time Spent: 106.75757074356079
accuracy_score (Finetuned): 0.8565217391304348
Mean Accuracy: 0.8513043478260871
Std Accuracy: 0.018731008024815643
