/scratch/sgoli125/mmfpn-try/mmpfn/models/dino_v2/layers/swiglu_ffn.py:51: UserWarning: xFormers is not available (SwiGLU)
  warnings.warn("xFormers is not available (SwiGLU)")
/scratch/sgoli125/mmfpn-try/mmpfn/models/dino_v2/layers/attention.py:33: UserWarning: xFormers is not available (Attention)
  warnings.warn("xFormers is not available (Attention)")
/scratch/sgoli125/mmfpn-try/mmpfn/models/dino_v2/layers/block.py:40: UserWarning: xFormers is not available (Block)
  warnings.warn("xFormers is not available (Block)")
Load embeddings from embeddings/pad_ufes_20/pad_ufes_20_dinov2.pt
[I 2026-09-17 12:04:27,655] A new study created in memory with name: no-name-d4f2900b-cabb-49d9-94a8-b78976353620
mgm_heads:64, cap_heads:24

Optimizer step skipped due to NaNs/infs in grad scaling.

Optimizer step skipped due to NaNs/infs in grad scaling.

[2026-09-17 12:06:23,215] INFO - Initial Validation Loss: 0.567909565620261 Best Validation Loss: 0.5085051548021484 Total Steps: 101 Best Step: 99 Total Time Spent: 115.35761570930481
accuracy_score (Finetuned): 0.8565217391304348

Optimizer step skipped due to NaNs/infs in grad scaling.

Optimizer step skipped due to NaNs/infs in grad scaling.

[2026-09-17 12:08:05,420] INFO - Initial Validation Loss: 0.5953199231860424 Best Validation Loss: 0.4938169392600835 Total Steps: 101 Best Step: 100 Total Time Spent: 99.28036236763
accuracy_score (Finetuned): 0.8304347826086956

Optimizer step skipped due to NaNs/infs in grad scaling.

Optimizer step skipped due to NaNs/infs in grad scaling.

[2026-09-17 12:09:43,946] INFO - Initial Validation Loss: 0.6110206496127057 Best Validation Loss: 0.5434596284519281 Total Steps: 101 Best Step: 82 Total Time Spent: 96.72797083854675
accuracy_score (Finetuned): 0.8217391304347826

Optimizer step skipped due to NaNs/infs in grad scaling.

Optimizer step skipped due to NaNs/infs in grad scaling.

[2026-09-17 12:11:29,506] INFO - Initial Validation Loss: 0.5528071399957536 Best Validation Loss: 0.4593561807999256 Total Steps: 101 Best Step: 100 Total Time Spent: 103.71629548072815
accuracy_score (Finetuned): 0.8565217391304348

Optimizer step skipped due to NaNs/infs in grad scaling.

Optimizer step skipped due to NaNs/infs in grad scaling.

[2026-09-17 12:13:07,089] INFO - Initial Validation Loss: 0.5282325703354325 Best Validation Loss: 0.4121712955075836 Total Steps: 101 Best Step: 98 Total Time Spent: 95.08491802215576
accuracy_score (Finetuned): 0.8608695652173913
Mean Accuracy: 0.8452173913043479
Std Accuracy: 0.015939393721585544
[I 2026-09-17 12:13:08,879] Trial 0 finished with value: 0.8452173913043479 and parameters: {'mgm_heads': 64, 'cap_heads': 24}. Best is trial 0 with value: 0.8452173913043479.
mgm_heads:4, cap_heads:16
[I 2026-09-17 12:13:08,879] Trial 1 finished with value: 0.0 and parameters: {'mgm_heads': 4, 'cap_heads': 16}. Best is trial 0 with value: 0.8452173913043479.
mgm_heads:2, cap_heads:24
[I 2026-09-17 12:13:08,880] Trial 2 finished with value: 0.0 and parameters: {'mgm_heads': 2, 'cap_heads': 24}. Best is trial 0 with value: 0.8452173913043479.
mgm_heads:8, cap_heads:12
[I 2026-09-17 12:13:08,880] Trial 3 finished with value: 0.0 and parameters: {'mgm_heads': 8, 'cap_heads': 12}. Best is trial 0 with value: 0.8452173913043479.
mgm_heads:16, cap_heads:4

Optimizer step skipped due to NaNs/infs in grad scaling.

Optimizer step skipped due to NaNs/infs in grad scaling.

[2026-09-17 12:13:43,892] INFO - Initial Validation Loss: 0.6054379815845631 Best Validation Loss: 0.5150139673916169 Total Steps: 101 Best Step: 47 Total Time Spent: 34.986876487731934
accuracy_score (Finetuned): 0.8456521739130435

Optimizer step skipped due to NaNs/infs in grad scaling.

Optimizer step skipped due to NaNs/infs in grad scaling.

[2026-09-17 12:14:19,413] INFO - Initial Validation Loss: 0.6197328241395568 Best Validation Loss: 0.4983202036784729 Total Steps: 101 Best Step: 96 Total Time Spent: 34.937305212020874
accuracy_score (Finetuned): 0.8282608695652174

Optimizer step skipped due to NaNs/infs in grad scaling.

Optimizer step skipped due to NaNs/infs in grad scaling.

[2026-09-17 12:14:52,561] INFO - Initial Validation Loss: 0.6499699807952143 Best Validation Loss: 0.5433701526524591 Total Steps: 101 Best Step: 99 Total Time Spent: 32.55775594711304
accuracy_score (Finetuned): 0.8130434782608695

Optimizer step skipped due to NaNs/infs in grad scaling.

Optimizer step skipped due to NaNs/infs in grad scaling.

Optimizer step skipped due to NaNs/infs in grad scaling.

[2026-09-17 12:15:26,059] INFO - Initial Validation Loss: 0.58456025593812 Best Validation Loss: 0.4948591388344544 Total Steps: 101 Best Step: 100 Total Time Spent: 32.9032769203186
accuracy_score (Finetuned): 0.8478260869565217

Optimizer step skipped due to NaNs/infs in grad scaling.

Optimizer step skipped due to NaNs/infs in grad scaling.

[2026-09-17 12:16:01,727] INFO - Initial Validation Loss: 0.5593184862906001 Best Validation Loss: 0.434650610701147 Total Steps: 101 Best Step: 95 Total Time Spent: 35.06985640525818
accuracy_score (Finetuned): 0.8478260869565217
Mean Accuracy: 0.8365217391304347
Std Accuracy: 0.013844942024426666
[I 2026-09-17 12:16:02,301] Trial 4 finished with value: 0.8365217391304347 and parameters: {'mgm_heads': 16, 'cap_heads': 4}. Best is trial 0 with value: 0.8452173913043479.
mgm_heads:8, cap_heads:2

Optimizer step skipped due to NaNs/infs in grad scaling.

Optimizer step skipped due to NaNs/infs in grad scaling.

[2026-09-17 12:16:30,744] INFO - Initial Validation Loss: 0.6132553454976329 Best Validation Loss: 0.5221049112063889 Total Steps: 101 Best Step: 19 Total Time Spent: 28.42878818511963
accuracy_score (Finetuned): 0.8478260869565217

Optimizer step skipped due to NaNs/infs in grad scaling.

Optimizer step skipped due to NaNs/infs in grad scaling.

[2026-09-17 12:17:03,020] INFO - Initial Validation Loss: 0.6182913787456651 Best Validation Loss: 0.4932902539097937 Total Steps: 101 Best Step: 98 Total Time Spent: 31.727697134017944
accuracy_score (Finetuned): 0.8173913043478261

Optimizer step skipped due to NaNs/infs in grad scaling.

Optimizer step skipped due to NaNs/infs in grad scaling.

[2026-09-17 12:17:33,545] INFO - Initial Validation Loss: 0.6660091677394153 Best Validation Loss: 0.5769753801490224 Total Steps: 101 Best Step: 100 Total Time Spent: 30.048250436782837
accuracy_score (Finetuned): 0.8

Optimizer step skipped due to NaNs/infs in grad scaling.

Optimizer step skipped due to NaNs/infs in grad scaling.

[2026-09-17 12:18:05,401] INFO - Initial Validation Loss: 0.6000430244166723 Best Validation Loss: 0.4785306292789664 Total Steps: 101 Best Step: 100 Total Time Spent: 31.364314556121826
accuracy_score (Finetuned): 0.8478260869565217

Optimizer step skipped due to NaNs/infs in grad scaling.

Optimizer step skipped due to NaNs/infs in grad scaling.

[2026-09-17 12:18:35,599] INFO - Initial Validation Loss: 0.5468823978648912 Best Validation Loss: 0.46836866259597204 Total Steps: 101 Best Step: 81 Total Time Spent: 29.61017918586731
accuracy_score (Finetuned): 0.8195652173913044
Mean Accuracy: 0.8265217391304347
Std Accuracy: 0.018670357003116398
[I 2026-09-17 12:18:36,058] Trial 5 finished with value: 0.8265217391304347 and parameters: {'mgm_heads': 8, 'cap_heads': 2}. Best is trial 0 with value: 0.8452173913043479.
mgm_heads:2, cap_heads:16
[I 2026-09-17 12:18:36,059] Trial 6 finished with value: 0.0 and parameters: {'mgm_heads': 2, 'cap_heads': 16}. Best is trial 0 with value: 0.8452173913043479.
mgm_heads:16, cap_heads:24
[I 2026-09-17 12:18:36,059] Trial 7 finished with value: 0.0 and parameters: {'mgm_heads': 16, 'cap_heads': 24}. Best is trial 0 with value: 0.8452173913043479.
mgm_heads:128, cap_heads:24

Optimizer step skipped due to NaNs/infs in grad scaling.

Optimizer step skipped due to NaNs/infs in grad scaling.

[2026-09-17 12:20:23,422] INFO - Initial Validation Loss: 0.6378276623558014 Best Validation Loss: 0.48699013204989566 Total Steps: 101 Best Step: 59 Total Time Spent: 107.31005620956421
accuracy_score (Finetuned): 0.8608695652173913

Optimizer step skipped due to NaNs/infs in grad scaling.

Optimizer step skipped due to NaNs/infs in grad scaling.

[2026-09-17 12:22:11,543] INFO - Initial Validation Loss: 0.6566444634075826 Best Validation Loss: 0.5482007150788555 Total Steps: 101 Best Step: 85 Total Time Spent: 105.69548559188843
accuracy_score (Finetuned): 0.8130434782608695

Optimizer step skipped due to NaNs/infs in grad scaling.

Optimizer step skipped due to NaNs/infs in grad scaling.

[2026-09-17 12:23:56,861] INFO - Initial Validation Loss: 0.657627868401984 Best Validation Loss: 0.5378408159599829 Total Steps: 101 Best Step: 34 Total Time Spent: 103.07430410385132
accuracy_score (Finetuned): 0.8260869565217391

Optimizer step skipped due to NaNs/infs in grad scaling.

Optimizer step skipped due to NaNs/infs in grad scaling.

[2026-09-17 12:25:44,844] INFO - Initial Validation Loss: 0.5927895613863783 Best Validation Loss: 0.47531407060880787 Total Steps: 101 Best Step: 71 Total Time Spent: 105.53868579864502
accuracy_score (Finetuned): 0.8456521739130435

Optimizer step skipped due to NaNs/infs in grad scaling.

Optimizer step skipped due to NaNs/infs in grad scaling.

[2026-09-17 12:27:38,719] INFO - Initial Validation Loss: 0.5444066936234554 Best Validation Loss: 0.4167417058244361 Total Steps: 101 Best Step: 100 Total Time Spent: 111.59111833572388
accuracy_score (Finetuned): 0.8391304347826087
Mean Accuracy: 0.8369565217391305
Std Accuracy: 0.01638386407079721
[I 2026-09-17 12:27:41,036] Trial 8 finished with value: 0.8369565217391305 and parameters: {'mgm_heads': 128, 'cap_heads': 24}. Best is trial 0 with value: 0.8452173913043479.
mgm_heads:128, cap_heads:12

Optimizer step skipped due to NaNs/infs in grad scaling.

Optimizer step skipped due to NaNs/infs in grad scaling.

[2026-09-17 12:28:52,011] INFO - Initial Validation Loss: 0.6773358836459205 Best Validation Loss: 0.4734468179045864 Total Steps: 101 Best Step: 41 Total Time Spent: 70.93739795684814
accuracy_score (Finetuned): 0.8739130434782608

Optimizer step skipped due to NaNs/infs in grad scaling.

Optimizer step skipped due to NaNs/infs in grad scaling.

[2026-09-17 12:30:11,690] INFO - Initial Validation Loss: 0.7114863698457614 Best Validation Loss: 0.5211515548055058 Total Steps: 101 Best Step: 84 Total Time Spent: 77.94811725616455
accuracy_score (Finetuned): 0.8217391304347826

Optimizer step skipped due to NaNs/infs in grad scaling.

Optimizer step skipped due to NaNs/infs in grad scaling.

Optimizer step skipped due to NaNs/infs in grad scaling.

[2026-09-17 12:31:23,641] INFO - Initial Validation Loss: 0.7924252508176804 Best Validation Loss: 0.5625963928565969 Total Steps: 101 Best Step: 63 Total Time Spent: 70.30537915229797
accuracy_score (Finetuned): 0.841304347826087

Optimizer step skipped due to NaNs/infs in grad scaling.

Optimizer step skipped due to NaNs/infs in grad scaling.

[2026-09-17 12:32:31,850] INFO - Initial Validation Loss: 0.6602796802999947 Best Validation Loss: 0.4851285763905467 Total Steps: 101 Best Step: 93 Total Time Spent: 66.56904411315918
accuracy_score (Finetuned): 0.8652173913043478

Optimizer step skipped due to NaNs/infs in grad scaling.

Optimizer step skipped due to NaNs/infs in grad scaling.

Optimizer step skipped due to NaNs/infs in grad scaling.

[2026-09-17 12:33:48,948] INFO - Initial Validation Loss: 0.555838563054208 Best Validation Loss: 0.3828580661332882 Total Steps: 101 Best Step: 95 Total Time Spent: 75.39236807823181
accuracy_score (Finetuned): 0.8543478260869565
Mean Accuracy: 0.8513043478260871
Std Accuracy: 0.01837438835575253
[I 2026-09-17 12:33:50,549] Trial 9 finished with value: 0.8513043478260871 and parameters: {'mgm_heads': 128, 'cap_heads': 12}. Best is trial 9 with value: 0.8513043478260871.
mgm_heads:32, cap_heads:2

Optimizer step skipped due to NaNs/infs in grad scaling.

Optimizer step skipped due to NaNs/infs in grad scaling.

[2026-09-17 12:34:22,145] INFO - Initial Validation Loss: 0.5836372446069824 Best Validation Loss: 0.5293129377104826 Total Steps: 101 Best Step: 89 Total Time Spent: 31.554163217544556
accuracy_score (Finetuned): 0.8478260869565217

Optimizer step skipped due to NaNs/infs in grad scaling.

Optimizer step skipped due to NaNs/infs in grad scaling.

[2026-09-17 12:35:06,199] INFO - Initial Validation Loss: 0.6044010500480157 Best Validation Loss: 0.473054362038132 Total Steps: 101 Best Step: 100 Total Time Spent: 42.845669984817505
accuracy_score (Finetuned): 0.8195652173913044

Optimizer step skipped due to NaNs/infs in grad scaling.

Optimizer step skipped due to NaNs/infs in grad scaling.

Optimizer step skipped due to NaNs/infs in grad scaling.

[2026-09-17 12:35:40,657] INFO - Initial Validation Loss: 0.6489147477681227 Best Validation Loss: 0.5380810607499137 Total Steps: 101 Best Step: 65 Total Time Spent: 33.790061712265015
accuracy_score (Finetuned): 0.8130434782608695

Optimizer step skipped due to NaNs/infs in grad scaling.

Optimizer step skipped due to NaNs/infs in grad scaling.

[2026-09-17 12:36:13,446] INFO - Initial Validation Loss: 0.5741863980791978 Best Validation Loss: 0.5080374657158084 Total Steps: 101 Best Step: 97 Total Time Spent: 32.14132642745972
accuracy_score (Finetuned): 0.8369565217391305

Optimizer step skipped due to NaNs/infs in grad scaling.

Optimizer step skipped due to NaNs/infs in grad scaling.

[2026-09-17 12:36:55,713] INFO - Initial Validation Loss: 0.5407381645815169 Best Validation Loss: 0.40707727177288894 Total Steps: 101 Best Step: 100 Total Time Spent: 41.62261199951172
accuracy_score (Finetuned): 0.8260869565217391
Mean Accuracy: 0.828695652173913
Std Accuracy: 0.012404645754510533
[I 2026-09-17 12:36:56,343] Trial 10 finished with value: 0.828695652173913 and parameters: {'mgm_heads': 32, 'cap_heads': 2}. Best is trial 9 with value: 0.8513043478260871.
mgm_heads:8, cap_heads:4

Optimizer step skipped due to NaNs/infs in grad scaling.

Optimizer step skipped due to NaNs/infs in grad scaling.

[2026-09-17 12:37:26,921] INFO - Initial Validation Loss: 0.5549793882668378 Best Validation Loss: 0.5165484769532401 Total Steps: 101 Best Step: 12 Total Time Spent: 30.56120204925537
accuracy_score (Finetuned): 0.8565217391304348

Optimizer step skipped due to NaNs/infs in grad scaling.

Optimizer step skipped due to NaNs/infs in grad scaling.

[2026-09-17 12:38:01,932] INFO - Initial Validation Loss: 0.6278829554993521 Best Validation Loss: 0.5573707754388958 Total Steps: 101 Best Step: 81 Total Time Spent: 34.47731113433838
accuracy_score (Finetuned): 0.8173913043478261

Optimizer step skipped due to NaNs/infs in grad scaling.

Optimizer step skipped due to NaNs/infs in grad scaling.

[2026-09-17 12:38:35,258] INFO - Initial Validation Loss: 0.6134660837191347 Best Validation Loss: 0.5531620672525979 Total Steps: 101 Best Step: 71 Total Time Spent: 32.79239010810852
accuracy_score (Finetuned): 0.8239130434782609

Optimizer step skipped due to NaNs/infs in grad scaling.

Optimizer step skipped due to NaNs/infs in grad scaling.

[2026-09-17 12:39:11,860] INFO - Initial Validation Loss: 0.5742372433995604 Best Validation Loss: 0.49599245603502984 Total Steps: 101 Best Step: 100 Total Time Spent: 36.06608557701111
accuracy_score (Finetuned): 0.85

Optimizer step skipped due to NaNs/infs in grad scaling.

[2026-09-17 12:39:45,420] INFO - Initial Validation Loss: 0.5349794901170434 Best Validation Loss: 0.469325872360955 Total Steps: 101 Best Step: 34 Total Time Spent: 33.03759813308716
accuracy_score (Finetuned): 0.8326086956521739
Mean Accuracy: 0.8360869565217393
Std Accuracy: 0.014973195963237006
[I 2026-09-17 12:39:45,934] Trial 11 finished with value: 0.8360869565217393 and parameters: {'mgm_heads': 8, 'cap_heads': 4}. Best is trial 9 with value: 0.8513043478260871.
mgm_heads:32, cap_heads:12

Optimizer step skipped due to NaNs/infs in grad scaling.

Optimizer step skipped due to NaNs/infs in grad scaling.

[2026-09-17 12:40:38,708] INFO - Initial Validation Loss: 0.5563988745190782 Best Validation Loss: 0.4801211152411032 Total Steps: 101 Best Step: 100 Total Time Spent: 52.76049733161926
accuracy_score (Finetuned): 0.8847826086956522

Optimizer step skipped due to NaNs/infs in grad scaling.

Optimizer step skipped due to NaNs/infs in grad scaling.

[2026-09-17 12:41:29,312] INFO - Initial Validation Loss: 0.6036912957912806 Best Validation Loss: 0.5395520707442885 Total Steps: 101 Best Step: 49 Total Time Spent: 49.589622020721436
accuracy_score (Finetuned): 0.8217391304347826

Optimizer step skipped due to NaNs/infs in grad scaling.

Optimizer step skipped due to NaNs/infs in grad scaling.

Optimizer step skipped due to NaNs/infs in grad scaling.

[2026-09-17 12:42:20,961] INFO - Initial Validation Loss: 0.6288008861968567 Best Validation Loss: 0.5705308050352373 Total Steps: 101 Best Step: 73 Total Time Spent: 50.65794897079468
accuracy_score (Finetuned): 0.8326086956521739

Optimizer step skipped due to NaNs/infs in grad scaling.

Optimizer step skipped due to NaNs/infs in grad scaling.

Optimizer step skipped due to NaNs/infs in grad scaling.

[2026-09-17 12:43:13,033] INFO - Initial Validation Loss: 0.559799934137432 Best Validation Loss: 0.47752150153949796 Total Steps: 101 Best Step: 62 Total Time Spent: 50.946924686431885
accuracy_score (Finetuned): 0.841304347826087

Optimizer step skipped due to NaNs/infs in grad scaling.

Optimizer step skipped due to NaNs/infs in grad scaling.

[2026-09-17 12:44:08,251] INFO - Initial Validation Loss: 0.5113078791896406 Best Validation Loss: 0.4217993500358951 Total Steps: 101 Best Step: 100 Total Time Spent: 54.24970579147339
accuracy_score (Finetuned): 0.841304347826087
Mean Accuracy: 0.8443478260869565
Std Accuracy: 0.021459065529135762
[I 2026-09-17 12:44:09,200] Trial 12 finished with value: 0.8443478260869565 and parameters: {'mgm_heads': 32, 'cap_heads': 12}. Best is trial 9 with value: 0.8513043478260871.
mgm_heads:128, cap_heads:8

Optimizer step skipped due to NaNs/infs in grad scaling.

Optimizer step skipped due to NaNs/infs in grad scaling.

[2026-09-17 12:45:04,187] INFO - Initial Validation Loss: 0.6042049206616357 Best Validation Loss: 0.5108003577837423 Total Steps: 101 Best Step: 70 Total Time Spent: 54.93612265586853
accuracy_score (Finetuned): 0.8630434782608696

Optimizer step skipped due to NaNs/infs in grad scaling.

Optimizer step skipped due to NaNs/infs in grad scaling.

[2026-09-17 12:46:03,264] INFO - Initial Validation Loss: 0.5856332295329338 Best Validation Loss: 0.47948162061002614 Total Steps: 101 Best Step: 80 Total Time Spent: 57.6093909740448
accuracy_score (Finetuned): 0.85

Optimizer step skipped due to NaNs/infs in grad scaling.

Optimizer step skipped due to NaNs/infs in grad scaling.

[2026-09-17 12:47:04,755] INFO - Initial Validation Loss: 0.6515034932214369 Best Validation Loss: 0.5746117737718136 Total Steps: 101 Best Step: 41 Total Time Spent: 59.845919370651245
accuracy_score (Finetuned): 0.8326086956521739

Optimizer step skipped due to NaNs/infs in grad scaling.

Optimizer step skipped due to NaNs/infs in grad scaling.

[2026-09-17 12:48:11,606] INFO - Initial Validation Loss: 0.5606556312216749 Best Validation Loss: 0.46057370943456927 Total Steps: 101 Best Step: 75 Total Time Spent: 65.2620301246643
accuracy_score (Finetuned): 0.85

Optimizer step skipped due to NaNs/infs in grad scaling.

Optimizer step skipped due to NaNs/infs in grad scaling.

Optimizer step skipped due to NaNs/infs in grad scaling.

Optimizer step skipped due to NaNs/infs in grad scaling.

Optimizer step skipped due to NaNs/infs in grad scaling.

[2026-09-17 12:49:14,241] INFO - Initial Validation Loss: 0.5360983863428793 Best Validation Loss: 0.391404670744658 Total Steps: 101 Best Step: 80 Total Time Spent: 61.06950235366821
accuracy_score (Finetuned): 0.8630434782608696
Mean Accuracy: 0.8517391304347827
Std Accuracy: 0.01120356411019578
