[I 2026-09-17 16:55:32,575] Trial 39 finished with value: 0.8508695652173912 and parameters: {'mgm_heads': 128, 'cap_heads': 32}. Best is trial 34 with value: 0.8530434782608696.
mgm_heads:32, cap_heads:2

Optimizer step skipped due to NaNs/infs in grad scaling.

Optimizer step skipped due to NaNs/infs in grad scaling.

[2026-09-17 16:55:56,238] INFO - Initial Validation Loss: 0.5836372446069824 Best Validation Loss: 0.5282617127324641 Total Steps: 101 Best Step: 41 Total Time Spent: 23.629517555236816
accuracy_score (Finetuned): 0.8565217391304348

Optimizer step skipped due to NaNs/infs in grad scaling.

Optimizer step skipped due to NaNs/infs in grad scaling.

Optimizer step skipped due to NaNs/infs in grad scaling.

[2026-09-17 16:56:27,757] INFO - Initial Validation Loss: 0.6044010500480157 Best Validation Loss: 0.4919970540901131 Total Steps: 101 Best Step: 89 Total Time Spent: 30.939451217651367
accuracy_score (Finetuned): 0.8152173913043478

Optimizer step skipped due to NaNs/infs in grad scaling.

Optimizer step skipped due to NaNs/infs in grad scaling.

Optimizer step skipped due to NaNs/infs in grad scaling.

[2026-09-17 16:56:59,160] INFO - Initial Validation Loss: 0.6489147477681227 Best Validation Loss: 0.5690226391289942 Total Steps: 101 Best Step: 100 Total Time Spent: 30.840046167373657
accuracy_score (Finetuned): 0.8152173913043478

Optimizer step skipped due to NaNs/infs in grad scaling.

Optimizer step skipped due to NaNs/infs in grad scaling.

[2026-09-17 16:57:26,578] INFO - Initial Validation Loss: 0.5741863980791978 Best Validation Loss: 0.5026248117994839 Total Steps: 101 Best Step: 100 Total Time Spent: 26.795662879943848
accuracy_score (Finetuned): 0.8478260869565217

Optimizer step skipped due to NaNs/infs in grad scaling.

Optimizer step skipped due to NaNs/infs in grad scaling.

[2026-09-17 16:57:52,898] INFO - Initial Validation Loss: 0.5407381645815169 Best Validation Loss: 0.4668499904748789 Total Steps: 101 Best Step: 29 Total Time Spent: 25.74556565284729
accuracy_score (Finetuned): 0.8217391304347826
Mean Accuracy: 0.831304347826087
Std Accuracy: 0.017423882530012095
[I 2026-09-17 16:57:53,487] Trial 40 finished with value: 0.831304347826087 and parameters: {'mgm_heads': 32, 'cap_heads': 2}. Best is trial 34 with value: 0.8530434782608696.
mgm_heads:2, cap_heads:2

Optimizer step skipped due to NaNs/infs in grad scaling.

Optimizer step skipped due to NaNs/infs in grad scaling.

[2026-09-17 16:58:14,387] INFO - Initial Validation Loss: 0.6604951280948989 Best Validation Loss: 0.5527868914662551 Total Steps: 101 Best Step: 99 Total Time Spent: 20.882575511932373
accuracy_score (Finetuned): 0.85

Optimizer step skipped due to NaNs/infs in grad scaling.

Optimizer step skipped due to NaNs/infs in grad scaling.

[2026-09-17 16:58:36,824] INFO - Initial Validation Loss: 0.7154541250153778 Best Validation Loss: 0.5329026202044908 Total Steps: 101 Best Step: 85 Total Time Spent: 22.040595769882202
accuracy_score (Finetuned): 0.8065217391304348

Optimizer step skipped due to NaNs/infs in grad scaling.

Optimizer step skipped due to NaNs/infs in grad scaling.

[2026-09-17 16:58:58,876] INFO - Initial Validation Loss: 0.6784801725012222 Best Validation Loss: 0.5766567775130678 Total Steps: 101 Best Step: 97 Total Time Spent: 21.679584503173828
accuracy_score (Finetuned): 0.8108695652173913

Optimizer step skipped due to NaNs/infs in grad scaling.

Optimizer step skipped due to NaNs/infs in grad scaling.

[2026-09-17 16:59:20,197] INFO - Initial Validation Loss: 0.6267322383275318 Best Validation Loss: 0.535262581209661 Total Steps: 101 Best Step: 68 Total Time Spent: 20.97418522834778
accuracy_score (Finetuned): 0.8326086956521739

Optimizer step skipped due to NaNs/infs in grad scaling.

Optimizer step skipped due to NaNs/infs in grad scaling.

[2026-09-17 16:59:46,555] INFO - Initial Validation Loss: 0.5781468356737165 Best Validation Loss: 0.47709905679226905 Total Steps: 101 Best Step: 100 Total Time Spent: 26.000011444091797
accuracy_score (Finetuned): 0.8282608695652174
Mean Accuracy: 0.8256521739130435
Std Accuracy: 0.015700408769798068
[I 2026-09-17 16:59:46,892] Trial 41 finished with value: 0.8256521739130435 and parameters: {'mgm_heads': 2, 'cap_heads': 2}. Best is trial 34 with value: 0.8530434782608696.
Best parameters: {'mgm_heads': 256, 'cap_heads': 2}
Best value: 0.8530434782608696
