[I 2026-09-17 12:49:15,693] Trial 13 finished with value: 0.8517391304347827 and parameters: {'mgm_heads': 128, 'cap_heads': 8}. Best is trial 13 with value: 0.8517391304347827.
mgm_heads:256, cap_heads:12

Optimizer step skipped due to NaNs/infs in grad scaling.

Optimizer step skipped due to NaNs/infs in grad scaling.

Optimizer step skipped due to NaNs/infs in grad scaling.

[2026-09-17 12:50:32,661] INFO - Initial Validation Loss: 0.573629640634262 Best Validation Loss: 0.5124810922664483 Total Steps: 101 Best Step: 38 Total Time Spent: 76.92980289459229
accuracy_score (Finetuned): 0.8543478260869565

Optimizer step skipped due to NaNs/infs in grad scaling.

Optimizer step skipped due to NaNs/infs in grad scaling.

[2026-09-17 12:52:14,892] INFO - Initial Validation Loss: 0.5998067158424689 Best Validation Loss: 0.5312091618747639 Total Steps: 101 Best Step: 87 Total Time Spent: 99.65493106842041
accuracy_score (Finetuned): 0.808695652173913

Optimizer step skipped due to NaNs/infs in grad scaling.

Optimizer step skipped due to NaNs/infs in grad scaling.

[2026-09-17 12:54:00,506] INFO - Initial Validation Loss: 0.6338496280162759 Best Validation Loss: 0.53070388557598 Total Steps: 101 Best Step: 75 Total Time Spent: 102.8309531211853
accuracy_score (Finetuned): 0.8326086956521739

Optimizer step skipped due to NaNs/infs in grad scaling.

Optimizer step skipped due to NaNs/infs in grad scaling.

Optimizer step skipped due to NaNs/infs in grad scaling.

Optimizer step skipped due to NaNs/infs in grad scaling.

Optimizer step skipped due to NaNs/infs in grad scaling.

[2026-09-17 12:55:25,385] INFO - Initial Validation Loss: 0.5381727069094705 Best Validation Loss: 0.4944541679176479 Total Steps: 101 Best Step: 95 Total Time Spent: 82.07364654541016
accuracy_score (Finetuned): 0.8478260869565217

Optimizer step skipped due to NaNs/infs in grad scaling.

Optimizer step skipped due to NaNs/infs in grad scaling.

[2026-09-17 12:57:31,141] INFO - Initial Validation Loss: 0.5275903336422769 Best Validation Loss: 0.36272524414957596 Total Steps: 101 Best Step: 100 Total Time Spent: 122.90102553367615
accuracy_score (Finetuned): 0.8521739130434782
Mean Accuracy: 0.8391304347826086
Std Accuracy: 0.017006614970093856
[I 2026-09-17 12:57:34,067] Trial 14 finished with value: 0.8391304347826086 and parameters: {'mgm_heads': 256, 'cap_heads': 12}. Best is trial 13 with value: 0.8517391304347827.
mgm_heads:4, cap_heads:32
[I 2026-09-17 12:57:34,068] Trial 15 finished with value: 0.0 and parameters: {'mgm_heads': 4, 'cap_heads': 32}. Best is trial 13 with value: 0.8517391304347827.
mgm_heads:64, cap_heads:16

Optimizer step skipped due to NaNs/infs in grad scaling.

Optimizer step skipped due to NaNs/infs in grad scaling.

[2026-09-17 12:58:41,008] INFO - Initial Validation Loss: 0.5958922708281219 Best Validation Loss: 0.49953130690235154 Total Steps: 101 Best Step: 100 Total Time Spent: 66.84086298942566
accuracy_score (Finetuned): 0.8586956521739131

Optimizer step skipped due to NaNs/infs in grad scaling.

Optimizer step skipped due to NaNs/infs in grad scaling.

[2026-09-17 12:59:56,550] INFO - Initial Validation Loss: 0.6496454122139924 Best Validation Loss: 0.5114589057177996 Total Steps: 101 Best Step: 100 Total Time Spent: 74.1805465221405
accuracy_score (Finetuned): 0.8260869565217391

Optimizer step skipped due to NaNs/infs in grad scaling.

Optimizer step skipped due to NaNs/infs in grad scaling.

Optimizer step skipped due to NaNs/infs in grad scaling.

[2026-09-17 13:01:01,639] INFO - Initial Validation Loss: 0.6748289420555169 Best Validation Loss: 0.6092181677012792 Total Steps: 101 Best Step: 81 Total Time Spent: 63.61633825302124
accuracy_score (Finetuned): 0.8369565217391305

Optimizer step skipped due to NaNs/infs in grad scaling.

Optimizer step skipped due to NaNs/infs in grad scaling.

[2026-09-17 13:02:08,319] INFO - Initial Validation Loss: 0.6193319910170298 Best Validation Loss: 0.4897875661004532 Total Steps: 101 Best Step: 34 Total Time Spent: 65.27234840393066
accuracy_score (Finetuned): 0.8521739130434782

Optimizer step skipped due to NaNs/infs in grad scaling.

Optimizer step skipped due to NaNs/infs in grad scaling.

[2026-09-17 13:03:23,932] INFO - Initial Validation Loss: 0.5217041523445526 Best Validation Loss: 0.4142470864032745 Total Steps: 101 Best Step: 100 Total Time Spent: 74.21417951583862
accuracy_score (Finetuned): 0.85
Mean Accuracy: 0.8447826086956521
Std Accuracy: 0.011714950943745629
[I 2026-09-17 13:03:25,285] Trial 16 finished with value: 0.8447826086956521 and parameters: {'mgm_heads': 64, 'cap_heads': 16}. Best is trial 13 with value: 0.8517391304347827.
mgm_heads:256, cap_heads:2

Optimizer step skipped due to NaNs/infs in grad scaling.

Optimizer step skipped due to NaNs/infs in grad scaling.

Optimizer step skipped due to NaNs/infs in grad scaling.

Optimizer step skipped due to NaNs/infs in grad scaling.

Optimizer step skipped due to NaNs/infs in grad scaling.

[2026-09-17 13:04:38,750] INFO - Initial Validation Loss: 0.5838872650610779 Best Validation Loss: 0.48000630329374727 Total Steps: 101 Best Step: 88 Total Time Spent: 73.43812370300293
accuracy_score (Finetuned): 0.7195652173913043

Optimizer step skipped due to NaNs/infs in grad scaling.

Optimizer step skipped due to NaNs/infs in grad scaling.

Optimizer step skipped due to NaNs/infs in grad scaling.

[2026-09-17 13:06:06,726] INFO - Initial Validation Loss: 0.6154193729681111 Best Validation Loss: 0.49356600854857013 Total Steps: 101 Best Step: 99 Total Time Spent: 85.74551272392273
accuracy_score (Finetuned): 0.8391304347826087

Optimizer step skipped due to NaNs/infs in grad scaling.

Optimizer step skipped due to NaNs/infs in grad scaling.

Optimizer step skipped due to NaNs/infs in grad scaling.

[2026-09-17 13:07:40,759] INFO - Initial Validation Loss: 0.6586083330250279 Best Validation Loss: 0.5226314347293196 Total Steps: 101 Best Step: 81 Total Time Spent: 91.62396025657654
accuracy_score (Finetuned): 0.8326086956521739

Optimizer step skipped due to NaNs/infs in grad scaling.

Optimizer step skipped due to NaNs/infs in grad scaling.

Optimizer step skipped due to NaNs/infs in grad scaling.

Optimizer step skipped due to NaNs/infs in grad scaling.

[2026-09-17 13:09:09,805] INFO - Initial Validation Loss: 0.5706060460634405 Best Validation Loss: 0.4466133744481028 Total Steps: 101 Best Step: 64 Total Time Spent: 86.66418862342834
accuracy_score (Finetuned): 0.8565217391304348

Optimizer step skipped due to NaNs/infs in grad scaling.

Optimizer step skipped due to NaNs/infs in grad scaling.

[2026-09-17 13:10:32,195] INFO - Initial Validation Loss: 0.5331106351321145 Best Validation Loss: 0.4738707691321896 Total Steps: 101 Best Step: 44 Total Time Spent: 80.06694269180298
accuracy_score (Finetuned): 0.8239130434782609
Mean Accuracy: 0.8143478260869565
Std Accuracy: 0.048582944100444565
[I 2026-09-17 13:10:34,567] Trial 17 finished with value: 0.8143478260869565 and parameters: {'mgm_heads': 256, 'cap_heads': 2}. Best is trial 13 with value: 0.8517391304347827.
mgm_heads:128, cap_heads:4

Optimizer step skipped due to NaNs/infs in grad scaling.

Optimizer step skipped due to NaNs/infs in grad scaling.

[2026-09-17 13:11:27,782] INFO - Initial Validation Loss: 0.5877537149269396 Best Validation Loss: 0.47939142251091266 Total Steps: 101 Best Step: 40 Total Time Spent: 53.086644411087036
accuracy_score (Finetuned): 0.8695652173913043

Optimizer step skipped due to NaNs/infs in grad scaling.

Optimizer step skipped due to NaNs/infs in grad scaling.

[2026-09-17 13:12:18,272] INFO - Initial Validation Loss: 0.6151105302770421 Best Validation Loss: 0.5064524996669393 Total Steps: 101 Best Step: 27 Total Time Spent: 49.098960638046265
accuracy_score (Finetuned): 0.808695652173913

Optimizer step skipped due to NaNs/infs in grad scaling.

Optimizer step skipped due to NaNs/infs in grad scaling.

Optimizer step skipped due to NaNs/infs in grad scaling.

[2026-09-17 13:13:05,360] INFO - Initial Validation Loss: 0.6427369720619547 Best Validation Loss: 0.5750372039303762 Total Steps: 101 Best Step: 27 Total Time Spent: 45.70811891555786
accuracy_score (Finetuned): 0.8434782608695652

Optimizer step skipped due to NaNs/infs in grad scaling.

Optimizer step skipped due to NaNs/infs in grad scaling.

Optimizer step skipped due to NaNs/infs in grad scaling.

[2026-09-17 13:14:01,348] INFO - Initial Validation Loss: 0.5857199367049616 Best Validation Loss: 0.4947530830420271 Total Steps: 101 Best Step: 81 Total Time Spent: 54.5684654712677
accuracy_score (Finetuned): 0.8630434782608696

Optimizer step skipped due to NaNs/infs in grad scaling.

Optimizer step skipped due to NaNs/infs in grad scaling.

[2026-09-17 13:14:57,247] INFO - Initial Validation Loss: 0.5315030330737371 Best Validation Loss: 0.44793928415580075 Total Steps: 101 Best Step: 100 Total Time Spent: 54.544296979904175
accuracy_score (Finetuned): 0.841304347826087
Mean Accuracy: 0.8452173913043479
Std Accuracy: 0.02127326925691316
[I 2026-09-17 13:14:58,600] Trial 18 finished with value: 0.8452173913043479 and parameters: {'mgm_heads': 128, 'cap_heads': 4}. Best is trial 13 with value: 0.8517391304347827.
mgm_heads:16, cap_heads:12

Optimizer step skipped due to NaNs/infs in grad scaling.

Optimizer step skipped due to NaNs/infs in grad scaling.

[2026-09-17 13:15:49,707] INFO - Initial Validation Loss: 0.6028131709088131 Best Validation Loss: 0.5150868591968086 Total Steps: 101 Best Step: 100 Total Time Spent: 51.04511094093323
accuracy_score (Finetuned): 0.8586956521739131

Optimizer step skipped due to NaNs/infs in grad scaling.

Optimizer step skipped due to NaNs/infs in grad scaling.

[2026-09-17 13:16:39,788] INFO - Initial Validation Loss: 0.6046266780747426 Best Validation Loss: 0.5243569902146826 Total Steps: 101 Best Step: 100 Total Time Spent: 49.20276427268982
accuracy_score (Finetuned): 0.8130434782608695

Optimizer step skipped due to NaNs/infs in grad scaling.

Optimizer step skipped due to NaNs/infs in grad scaling.

[2026-09-17 13:17:30,147] INFO - Initial Validation Loss: 0.6356559912772319 Best Validation Loss: 0.557189414788053 Total Steps: 101 Best Step: 100 Total Time Spent: 49.482040882110596
accuracy_score (Finetuned): 0.8369565217391305

Optimizer step skipped due to NaNs/infs in grad scaling.

Optimizer step skipped due to NaNs/infs in grad scaling.

[2026-09-17 13:18:22,135] INFO - Initial Validation Loss: 0.5651559663049848 Best Validation Loss: 0.48455536693459417 Total Steps: 101 Best Step: 100 Total Time Spent: 51.126545667648315
accuracy_score (Finetuned): 0.8543478260869565

Optimizer step skipped due to NaNs/infs in grad scaling.

Optimizer step skipped due to NaNs/infs in grad scaling.

Optimizer step skipped due to NaNs/infs in grad scaling.

Optimizer step skipped due to NaNs/infs in grad scaling.

[2026-09-17 13:19:17,036] INFO - Initial Validation Loss: 0.5402340047466367 Best Validation Loss: 0.4416017692669245 Total Steps: 101 Best Step: 100 Total Time Spent: 54.038883447647095
accuracy_score (Finetuned): 0.85
Mean Accuracy: 0.8426086956521738
Std Accuracy: 0.01647590897521428
[I 2026-09-17 13:19:17,909] Trial 19 finished with value: 0.8426086956521738 and parameters: {'mgm_heads': 16, 'cap_heads': 12}. Best is trial 13 with value: 0.8517391304347827.
mgm_heads:16, cap_heads:16

Optimizer step skipped due to NaNs/infs in grad scaling.

Optimizer step skipped due to NaNs/infs in grad scaling.

[2026-09-17 13:20:18,130] INFO - Initial Validation Loss: 0.5798968009097966 Best Validation Loss: 0.5057582975579433 Total Steps: 101 Best Step: 100 Total Time Spent: 60.14532732963562
accuracy_score (Finetuned): 0.8695652173913043

Optimizer step skipped due to NaNs/infs in grad scaling.

Optimizer step skipped due to NaNs/infs in grad scaling.

[2026-09-17 13:21:23,547] INFO - Initial Validation Loss: 0.6017800602689934 Best Validation Loss: 0.5132296186191697 Total Steps: 101 Best Step: 100 Total Time Spent: 64.3632082939148
accuracy_score (Finetuned): 0.8369565217391305

Optimizer step skipped due to NaNs/infs in grad scaling.

Optimizer step skipped due to NaNs/infs in grad scaling.

[2026-09-17 13:22:23,553] INFO - Initial Validation Loss: 0.6112933771218836 Best Validation Loss: 0.5565779506236957 Total Steps: 101 Best Step: 76 Total Time Spent: 58.89540934562683
accuracy_score (Finetuned): 0.8

Optimizer step skipped due to NaNs/infs in grad scaling.

Optimizer step skipped due to NaNs/infs in grad scaling.

[2026-09-17 13:23:28,589] INFO - Initial Validation Loss: 0.567060047733101 Best Validation Loss: 0.4604746559783279 Total Steps: 101 Best Step: 100 Total Time Spent: 63.94397759437561
accuracy_score (Finetuned): 0.8586956521739131

Optimizer step skipped due to NaNs/infs in grad scaling.

Optimizer step skipped due to NaNs/infs in grad scaling.

[2026-09-17 13:24:31,665] INFO - Initial Validation Loss: 0.5112027400240791 Best Validation Loss: 0.4314351230382641 Total Steps: 101 Best Step: 98 Total Time Spent: 62.01715660095215
accuracy_score (Finetuned): 0.8478260869565217
Mean Accuracy: 0.842608695652174
Std Accuracy: 0.023916995720826187
[I 2026-09-17 13:24:32,725] Trial 20 finished with value: 0.842608695652174 and parameters: {'mgm_heads': 16, 'cap_heads': 16}. Best is trial 13 with value: 0.8517391304347827.
mgm_heads:8, cap_heads:32
[I 2026-09-17 13:24:32,726] Trial 21 finished with value: 0.0 and parameters: {'mgm_heads': 8, 'cap_heads': 32}. Best is trial 13 with value: 0.8517391304347827.
mgm_heads:8, cap_heads:8

Optimizer step skipped due to NaNs/infs in grad scaling.

Optimizer step skipped due to NaNs/infs in grad scaling.

[2026-09-17 13:25:13,903] INFO - Initial Validation Loss: 0.5923079683406807 Best Validation Loss: 0.48101957241923127 Total Steps: 101 Best Step: 92 Total Time Spent: 41.15857911109924
accuracy_score (Finetuned): 0.8673913043478261

Optimizer step skipped due to NaNs/infs in grad scaling.

Optimizer step skipped due to NaNs/infs in grad scaling.

[2026-09-17 13:25:54,220] INFO - Initial Validation Loss: 0.6412458861472412 Best Validation Loss: 0.524356489517291 Total Steps: 101 Best Step: 92 Total Time Spent: 39.641988039016724
accuracy_score (Finetuned): 0.8173913043478261

Optimizer step skipped due to NaNs/infs in grad scaling.

Optimizer step skipped due to NaNs/infs in grad scaling.

Optimizer step skipped due to NaNs/infs in grad scaling.

[2026-09-17 13:26:32,888] INFO - Initial Validation Loss: 0.6542344962723652 Best Validation Loss: 0.5767595921675455 Total Steps: 101 Best Step: 42 Total Time Spent: 38.01838707923889
accuracy_score (Finetuned): 0.8260869565217391

Optimizer step skipped due to NaNs/infs in grad scaling.

Optimizer step skipped due to NaNs/infs in grad scaling.

[2026-09-17 13:27:12,293] INFO - Initial Validation Loss: 0.5787921239423848 Best Validation Loss: 0.4881681322222735 Total Steps: 101 Best Step: 78 Total Time Spent: 38.729628562927246
accuracy_score (Finetuned): 0.8326086956521739

Optimizer step skipped due to NaNs/infs in grad scaling.

Optimizer step skipped due to NaNs/infs in grad scaling.

[2026-09-17 13:27:50,533] INFO - Initial Validation Loss: 0.5257539983210087 Best Validation Loss: 0.4695059622706397 Total Steps: 101 Best Step: 18 Total Time Spent: 37.55983567237854
accuracy_score (Finetuned): 0.8260869565217391
Mean Accuracy: 0.8339130434782609
Std Accuracy: 0.017423882530012053
[I 2026-09-17 13:27:51,178] Trial 22 finished with value: 0.8339130434782609 and parameters: {'mgm_heads': 8, 'cap_heads': 8}. Best is trial 13 with value: 0.8517391304347827.
mgm_heads:32, cap_heads:32

Optimizer step skipped due to NaNs/infs in grad scaling.

Optimizer step skipped due to NaNs/infs in grad scaling.

[2026-09-17 13:29:50,527] INFO - Initial Validation Loss: 0.5757330808141746 Best Validation Loss: 0.49393531156011583 Total Steps: 101 Best Step: 87 Total Time Spent: 119.33422350883484
accuracy_score (Finetuned): 0.8673913043478261

Optimizer step skipped due to NaNs/infs in grad scaling.

Optimizer step skipped due to NaNs/infs in grad scaling.

Optimizer step skipped due to NaNs/infs in grad scaling.

[2026-09-17 13:31:51,635] INFO - Initial Validation Loss: 0.600212682734363 Best Validation Loss: 0.530559312887318 Total Steps: 101 Best Step: 99 Total Time Spent: 118.93877601623535
accuracy_score (Finetuned): 0.8130434782608695

Optimizer step skipped due to NaNs/infs in grad scaling.

Optimizer step skipped due to NaNs/infs in grad scaling.

Optimizer step skipped due to NaNs/infs in grad scaling.

[2026-09-17 13:33:54,554] INFO - Initial Validation Loss: 0.6446074898927199 Best Validation Loss: 0.5542040500210885 Total Steps: 101 Best Step: 99 Total Time Spent: 120.79944157600403
accuracy_score (Finetuned): 0.8391304347826087

Optimizer step skipped due to NaNs/infs in grad scaling.

Optimizer step skipped due to NaNs/infs in grad scaling.

[2026-09-17 13:35:53,341] INFO - Initial Validation Loss: 0.5620456951594291 Best Validation Loss: 0.4955606119392625 Total Steps: 101 Best Step: 29 Total Time Spent: 116.68917322158813
accuracy_score (Finetuned): 0.8434782608695652

Optimizer step skipped due to NaNs/infs in grad scaling.

Optimizer step skipped due to NaNs/infs in grad scaling.

[2026-09-17 13:37:56,489] INFO - Initial Validation Loss: 0.5326695853094617 Best Validation Loss: 0.42071012267355423 Total Steps: 101 Best Step: 100 Total Time Spent: 121.0398919582367
accuracy_score (Finetuned): 0.8326086956521739
Mean Accuracy: 0.8391304347826086
Std Accuracy: 0.017553590641901182
[I 2026-09-17 13:37:58,591] Trial 23 finished with value: 0.8391304347826086 and parameters: {'mgm_heads': 32, 'cap_heads': 32}. Best is trial 13 with value: 0.8517391304347827.
mgm_heads:8, cap_heads:16
[I 2026-09-17 13:37:58,592] Trial 24 finished with value: 0.0 and parameters: {'mgm_heads': 8, 'cap_heads': 16}. Best is trial 13 with value: 0.8517391304347827.
mgm_heads:256, cap_heads:4

Optimizer step skipped due to NaNs/infs in grad scaling.

Optimizer step skipped due to NaNs/infs in grad scaling.

Optimizer step skipped due to NaNs/infs in grad scaling.

[2026-09-17 13:39:11,697] INFO - Initial Validation Loss: 0.6006645784356962 Best Validation Loss: 0.5317326591595772 Total Steps: 101 Best Step: 44 Total Time Spent: 73.08272957801819
accuracy_score (Finetuned): 0.8630434782608696

Optimizer step skipped due to NaNs/infs in grad scaling.

Optimizer step skipped due to NaNs/infs in grad scaling.

[2026-09-17 13:40:38,700] INFO - Initial Validation Loss: 0.5998601595887375 Best Validation Loss: 0.5050788587262108 Total Steps: 101 Best Step: 62 Total Time Spent: 84.64930176734924
accuracy_score (Finetuned): 0.8304347826086956

Optimizer step skipped due to NaNs/infs in grad scaling.

Optimizer step skipped due to NaNs/infs in grad scaling.

Optimizer step skipped due to NaNs/infs in grad scaling.

[2026-09-17 13:42:22,192] INFO - Initial Validation Loss: 0.6333476766684848 Best Validation Loss: 0.5465639902852016 Total Steps: 101 Best Step: 100 Total Time Spent: 94.19615650177002
accuracy_score (Finetuned): 0.8217391304347826

Optimizer step skipped due to NaNs/infs in grad scaling.

Optimizer step skipped due to NaNs/infs in grad scaling.

[2026-09-17 13:43:42,735] INFO - Initial Validation Loss: 0.5823940887458893 Best Validation Loss: 0.5137403575478227 Total Steps: 101 Best Step: 46 Total Time Spent: 78.10785579681396
accuracy_score (Finetuned): 0.8543478260869565

Optimizer step skipped due to NaNs/infs in grad scaling.

Optimizer step skipped due to NaNs/infs in grad scaling.

[2026-09-17 13:45:13,754] INFO - Initial Validation Loss: 0.5309845624680704 Best Validation Loss: 0.40731283175127286 Total Steps: 101 Best Step: 53 Total Time Spent: 88.3178858757019
accuracy_score (Finetuned): 0.85
Mean Accuracy: 0.8439130434782609
Std Accuracy: 0.015396461921413706
[I 2026-09-17 13:45:16,129] Trial 25 finished with value: 0.8439130434782609 and parameters: {'mgm_heads': 256, 'cap_heads': 4}. Best is trial 13 with value: 0.8517391304347827.
mgm_heads:64, cap_heads:2

Optimizer step skipped due to NaNs/infs in grad scaling.

Optimizer step skipped due to NaNs/infs in grad scaling.

[2026-09-17 13:45:57,259] INFO - Initial Validation Loss: 0.5659055639211268 Best Validation Loss: 0.4925485832008075 Total Steps: 101 Best Step: 81 Total Time Spent: 41.00577759742737
accuracy_score (Finetuned): 0.8630434782608696

Optimizer step skipped due to NaNs/infs in grad scaling.

Optimizer step skipped due to NaNs/infs in grad scaling.

[2026-09-17 13:46:37,220] INFO - Initial Validation Loss: 0.6273148713740955 Best Validation Loss: 0.5199934289154676 Total Steps: 101 Best Step: 64 Total Time Spent: 38.936371088027954
accuracy_score (Finetuned): 0.8173913043478261

Optimizer step skipped due to NaNs/infs in grad scaling.

Optimizer step skipped due to NaNs/infs in grad scaling.

Optimizer step skipped due to NaNs/infs in grad scaling.

[2026-09-17 13:47:17,450] INFO - Initial Validation Loss: 0.6755494138244151 Best Validation Loss: 0.5502949335683869 Total Steps: 101 Best Step: 64 Total Time Spent: 39.293155670166016
accuracy_score (Finetuned): 0.8195652173913044

Optimizer step skipped due to NaNs/infs in grad scaling.

Optimizer step skipped due to NaNs/infs in grad scaling.

[2026-09-17 13:47:59,338] INFO - Initial Validation Loss: 0.5801613041652091 Best Validation Loss: 0.5066761872768728 Total Steps: 101 Best Step: 81 Total Time Spent: 40.968483686447144
accuracy_score (Finetuned): 0.8586956521739131

Optimizer step skipped due to NaNs/infs in grad scaling.

Optimizer step skipped due to NaNs/infs in grad scaling.

[2026-09-17 13:48:38,104] INFO - Initial Validation Loss: 0.5776569618443274 Best Validation Loss: 0.4760630489090931 Total Steps: 101 Best Step: 37 Total Time Spent: 37.877477169036865
accuracy_score (Finetuned): 0.8282608695652174
Mean Accuracy: 0.837391304347826
Std Accuracy: 0.019560385876873025
