[I 2026-09-17 16:16:10,192] Trial 28 finished with value: 0.8513043478260871 and parameters: {'mgm_heads': 256, 'cap_heads': 24}. Best is trial 28 with value: 0.8513043478260871.
mgm_heads:4, cap_heads:2

Optimizer step skipped due to NaNs/infs in grad scaling.

Optimizer step skipped due to NaNs/infs in grad scaling.

[2026-09-17 16:16:30,640] INFO - Initial Validation Loss: 0.5866088642119124 Best Validation Loss: 0.5408291581493961 Total Steps: 101 Best Step: 15 Total Time Spent: 20.369065284729004
accuracy_score (Finetuned): 0.8434782608695652

Optimizer step skipped due to NaNs/infs in grad scaling.

Optimizer step skipped due to NaNs/infs in grad scaling.

[2026-09-17 16:16:53,827] INFO - Initial Validation Loss: 0.6212552775596503 Best Validation Loss: 0.5468011441300181 Total Steps: 101 Best Step: 100 Total Time Spent: 22.84093165397644
accuracy_score (Finetuned): 0.8108695652173913

Optimizer step skipped due to NaNs/infs in grad scaling.

Optimizer step skipped due to NaNs/infs in grad scaling.

[2026-09-17 16:17:16,720] INFO - Initial Validation Loss: 0.6644503412927518 Best Validation Loss: 0.5656001595775004 Total Steps: 101 Best Step: 95 Total Time Spent: 22.579797744750977
accuracy_score (Finetuned): 0.8217391304347826

Optimizer step skipped due to NaNs/infs in grad scaling.

Optimizer step skipped due to NaNs/infs in grad scaling.

[2026-09-17 16:17:37,290] INFO - Initial Validation Loss: 0.5779319324591338 Best Validation Loss: 0.5115918508806997 Total Steps: 101 Best Step: 47 Total Time Spent: 20.206979036331177
accuracy_score (Finetuned): 0.8369565217391305

Optimizer step skipped due to NaNs/infs in grad scaling.

Optimizer step skipped due to NaNs/infs in grad scaling.

[2026-09-17 16:18:02,088] INFO - Initial Validation Loss: 0.567807861952631 Best Validation Loss: 0.4450738408598038 Total Steps: 101 Best Step: 100 Total Time Spent: 24.476393938064575
accuracy_score (Finetuned): 0.8326086956521739
Mean Accuracy: 0.8291304347826086
Std Accuracy: 0.011552461091814292
[I 2026-09-17 16:18:02,396] Trial 29 finished with value: 0.8291304347826086 and parameters: {'mgm_heads': 4, 'cap_heads': 2}. Best is trial 28 with value: 0.8513043478260871.
mgm_heads:128, cap_heads:16

Optimizer step skipped due to NaNs/infs in grad scaling.

Optimizer step skipped due to NaNs/infs in grad scaling.

[2026-09-17 16:18:45,389] INFO - Initial Validation Loss: 0.5799074000496135 Best Validation Loss: 0.5058673402707948 Total Steps: 101 Best Step: 20 Total Time Spent: 42.97899770736694
accuracy_score (Finetuned): 0.8717391304347826

Optimizer step skipped due to NaNs/infs in grad scaling.

Optimizer step skipped due to NaNs/infs in grad scaling.

[2026-09-17 16:19:35,616] INFO - Initial Validation Loss: 0.5921236851552119 Best Validation Loss: 0.4916560838843933 Total Steps: 101 Best Step: 84 Total Time Spent: 48.91494297981262
accuracy_score (Finetuned): 0.8434782608695652

Optimizer step skipped due to NaNs/infs in grad scaling.

Optimizer step skipped due to NaNs/infs in grad scaling.

[2026-09-17 16:20:29,610] INFO - Initial Validation Loss: 0.6222830155893424 Best Validation Loss: 0.5497387079992566 Total Steps: 101 Best Step: 83 Total Time Spent: 52.62668538093567
accuracy_score (Finetuned): 0.8304347826086956

Optimizer step skipped due to NaNs/infs in grad scaling.

Optimizer step skipped due to NaNs/infs in grad scaling.

Optimizer step skipped due to NaNs/infs in grad scaling.

Optimizer step skipped due to NaNs/infs in grad scaling.

[2026-09-17 16:21:17,207] INFO - Initial Validation Loss: 0.5770637064156847 Best Validation Loss: 0.4741067239226356 Total Steps: 101 Best Step: 98 Total Time Spent: 46.25776934623718
accuracy_score (Finetuned): 0.8478260869565217

Optimizer step skipped due to NaNs/infs in grad scaling.

Optimizer step skipped due to NaNs/infs in grad scaling.

[2026-09-17 16:22:18,788] INFO - Initial Validation Loss: 0.5168678486646161 Best Validation Loss: 0.4080057536071345 Total Steps: 101 Best Step: 100 Total Time Spent: 60.17924952507019
accuracy_score (Finetuned): 0.85
Mean Accuracy: 0.848695652173913
Std Accuracy: 0.013372657825417121
[I 2026-09-17 16:22:20,132] Trial 30 finished with value: 0.848695652173913 and parameters: {'mgm_heads': 128, 'cap_heads': 16}. Best is trial 28 with value: 0.8513043478260871.
mgm_heads:128, cap_heads:4

Optimizer step skipped due to NaNs/infs in grad scaling.

Optimizer step skipped due to NaNs/infs in grad scaling.

[2026-09-17 16:23:04,769] INFO - Initial Validation Loss: 0.5877537149269396 Best Validation Loss: 0.4792735129409961 Total Steps: 101 Best Step: 33 Total Time Spent: 44.59962582588196
accuracy_score (Finetuned): 0.8717391304347826

Optimizer step skipped due to NaNs/infs in grad scaling.

Optimizer step skipped due to NaNs/infs in grad scaling.

[2026-09-17 16:23:56,727] INFO - Initial Validation Loss: 0.6151105302770421 Best Validation Loss: 0.5085147422862694 Total Steps: 101 Best Step: 73 Total Time Spent: 50.61416697502136
accuracy_score (Finetuned): 0.8260869565217391

Optimizer step skipped due to NaNs/infs in grad scaling.

Optimizer step skipped due to NaNs/infs in grad scaling.

Optimizer step skipped due to NaNs/infs in grad scaling.

[2026-09-17 16:24:47,152] INFO - Initial Validation Loss: 0.6427369720619547 Best Validation Loss: 0.521781954444331 Total Steps: 101 Best Step: 62 Total Time Spent: 49.19986057281494
accuracy_score (Finetuned): 0.8239130434782609

Optimizer step skipped due to NaNs/infs in grad scaling.

Optimizer step skipped due to NaNs/infs in grad scaling.

[2026-09-17 16:25:44,784] INFO - Initial Validation Loss: 0.5857199367049616 Best Validation Loss: 0.4924444208668632 Total Steps: 101 Best Step: 80 Total Time Spent: 56.38583827018738
accuracy_score (Finetuned): 0.8543478260869565

Optimizer step skipped due to NaNs/infs in grad scaling.

Optimizer step skipped due to NaNs/infs in grad scaling.

[2026-09-17 16:26:39,015] INFO - Initial Validation Loss: 0.5315030330737371 Best Validation Loss: 0.451492920199233 Total Steps: 101 Best Step: 100 Total Time Spent: 53.0031898021698
accuracy_score (Finetuned): 0.8347826086956521
Mean Accuracy: 0.8421739130434782
Std Accuracy: 0.018271218599522323
[I 2026-09-17 16:26:41,638] Trial 31 finished with value: 0.8421739130434782 and parameters: {'mgm_heads': 128, 'cap_heads': 4}. Best is trial 28 with value: 0.8513043478260871.
mgm_heads:128, cap_heads:24

Optimizer step skipped due to NaNs/infs in grad scaling.

Optimizer step skipped due to NaNs/infs in grad scaling.

[2026-09-17 16:27:32,232] INFO - Initial Validation Loss: 0.6378276623558014 Best Validation Loss: 0.5075177000452511 Total Steps: 101 Best Step: 97 Total Time Spent: 50.55941343307495
accuracy_score (Finetuned): 0.8630434782608696

Optimizer step skipped due to NaNs/infs in grad scaling.

Optimizer step skipped due to NaNs/infs in grad scaling.

Optimizer step skipped due to NaNs/infs in grad scaling.

[2026-09-17 16:28:30,523] INFO - Initial Validation Loss: 0.6566444634075826 Best Validation Loss: 0.5397953814417188 Total Steps: 101 Best Step: 100 Total Time Spent: 56.89014959335327
accuracy_score (Finetuned): 0.8304347826086956

Optimizer step skipped due to NaNs/infs in grad scaling.

Optimizer step skipped due to NaNs/infs in grad scaling.

Optimizer step skipped due to NaNs/infs in grad scaling.

[2026-09-17 16:29:16,875] INFO - Initial Validation Loss: 0.657627868401984 Best Validation Loss: 0.5614907319107173 Total Steps: 101 Best Step: 41 Total Time Spent: 44.84378957748413
accuracy_score (Finetuned): 0.8152173913043478

Optimizer step skipped due to NaNs/infs in grad scaling.

Optimizer step skipped due to NaNs/infs in grad scaling.

[2026-09-17 16:30:12,276] INFO - Initial Validation Loss: 0.5927895613863783 Best Validation Loss: 0.4587537529424825 Total Steps: 101 Best Step: 56 Total Time Spent: 53.96136927604675
accuracy_score (Finetuned): 0.85

Optimizer step skipped due to NaNs/infs in grad scaling.

Optimizer step skipped due to NaNs/infs in grad scaling.

[2026-09-17 16:31:25,611] INFO - Initial Validation Loss: 0.5444066936234554 Best Validation Loss: 0.4031127737989088 Total Steps: 101 Best Step: 100 Total Time Spent: 71.78645753860474
accuracy_score (Finetuned): 0.8521739130434782
Mean Accuracy: 0.8421739130434783
Std Accuracy: 0.0170953071750761
[I 2026-09-17 16:31:27,016] Trial 32 finished with value: 0.8421739130434783 and parameters: {'mgm_heads': 128, 'cap_heads': 24}. Best is trial 28 with value: 0.8513043478260871.
mgm_heads:32, cap_heads:16

Optimizer step skipped due to NaNs/infs in grad scaling.

Optimizer step skipped due to NaNs/infs in grad scaling.

[2026-09-17 16:31:51,414] INFO - Initial Validation Loss: 0.5711540228173003 Best Validation Loss: 0.5236391993191581 Total Steps: 101 Best Step: 8 Total Time Spent: 24.35955786705017
accuracy_score (Finetuned): 0.8391304347826087

Optimizer step skipped due to NaNs/infs in grad scaling.

Optimizer step skipped due to NaNs/infs in grad scaling.

[2026-09-17 16:32:26,049] INFO - Initial Validation Loss: 0.61909388036619 Best Validation Loss: 0.5001556802533262 Total Steps: 101 Best Step: 100 Total Time Spent: 33.93050456047058
accuracy_score (Finetuned): 0.8130434782608695

Optimizer step skipped due to NaNs/infs in grad scaling.

Optimizer step skipped due to NaNs/infs in grad scaling.

[2026-09-17 16:32:54,021] INFO - Initial Validation Loss: 0.6432349753489246 Best Validation Loss: 0.6037067991920965 Total Steps: 101 Best Step: 100 Total Time Spent: 27.378137350082397
accuracy_score (Finetuned): 0.8434782608695652

Optimizer step skipped due to NaNs/infs in grad scaling.

Optimizer step skipped due to NaNs/infs in grad scaling.

[2026-09-17 16:33:27,797] INFO - Initial Validation Loss: 0.5660016102248998 Best Validation Loss: 0.49772173122124747 Total Steps: 101 Best Step: 84 Total Time Spent: 33.137248516082764
accuracy_score (Finetuned): 0.85

Optimizer step skipped due to NaNs/infs in grad scaling.

Optimizer step skipped due to NaNs/infs in grad scaling.

[2026-09-17 16:33:56,504] INFO - Initial Validation Loss: 0.5106144641516546 Best Validation Loss: 0.4523407626291649 Total Steps: 101 Best Step: 21 Total Time Spent: 28.076509952545166
accuracy_score (Finetuned): 0.8173913043478261
Mean Accuracy: 0.832608695652174
Std Accuracy: 0.014679950448812287
[I 2026-09-17 16:33:57,115] Trial 33 finished with value: 0.832608695652174 and parameters: {'mgm_heads': 32, 'cap_heads': 16}. Best is trial 28 with value: 0.8513043478260871.
mgm_heads:256, cap_heads:2

Optimizer step skipped due to NaNs/infs in grad scaling.

Optimizer step skipped due to NaNs/infs in grad scaling.

Optimizer step skipped due to NaNs/infs in grad scaling.

[2026-09-17 16:35:19,858] INFO - Initial Validation Loss: 0.5838872650610779 Best Validation Loss: 0.47822102658832927 Total Steps: 101 Best Step: 55 Total Time Spent: 82.72131371498108
accuracy_score (Finetuned): 0.8782608695652174

Optimizer step skipped due to NaNs/infs in grad scaling.

Optimizer step skipped due to NaNs/infs in grad scaling.

Optimizer step skipped due to NaNs/infs in grad scaling.

Optimizer step skipped due to NaNs/infs in grad scaling.

[2026-09-17 16:36:39,306] INFO - Initial Validation Loss: 0.6154193729681111 Best Validation Loss: 0.4893445970540337 Total Steps: 101 Best Step: 84 Total Time Spent: 77.16620635986328
accuracy_score (Finetuned): 0.8391304347826087

Optimizer step skipped due to NaNs/infs in grad scaling.

Optimizer step skipped due to NaNs/infs in grad scaling.

Optimizer step skipped due to NaNs/infs in grad scaling.

[2026-09-17 16:38:13,164] INFO - Initial Validation Loss: 0.6586083330250279 Best Validation Loss: 0.5325083033161812 Total Steps: 101 Best Step: 77 Total Time Spent: 91.15650391578674
accuracy_score (Finetuned): 0.8369565217391305

Optimizer step skipped due to NaNs/infs in grad scaling.

Optimizer step skipped due to NaNs/infs in grad scaling.

[2026-09-17 16:39:25,264] INFO - Initial Validation Loss: 0.5706060460634405 Best Validation Loss: 0.48159873624646865 Total Steps: 101 Best Step: 81 Total Time Spent: 69.62416100502014
accuracy_score (Finetuned): 0.8695652173913043

Optimizer step skipped due to NaNs/infs in grad scaling.

Optimizer step skipped due to NaNs/infs in grad scaling.

Optimizer step skipped due to NaNs/infs in grad scaling.

Optimizer step skipped due to NaNs/infs in grad scaling.

Optimizer step skipped due to NaNs/infs in grad scaling.

Optimizer step skipped due to NaNs/infs in grad scaling.

[2026-09-17 16:41:10,342] INFO - Initial Validation Loss: 0.5331106351321145 Best Validation Loss: 0.4220162136739588 Total Steps: 101 Best Step: 100 Total Time Spent: 102.58847689628601
accuracy_score (Finetuned): 0.841304347826087
Mean Accuracy: 0.8530434782608696
Std Accuracy: 0.017315050218904227
[I 2026-09-17 16:41:12,816] Trial 34 finished with value: 0.8530434782608696 and parameters: {'mgm_heads': 256, 'cap_heads': 2}. Best is trial 34 with value: 0.8530434782608696.
mgm_heads:16, cap_heads:16

Optimizer step skipped due to NaNs/infs in grad scaling.

Optimizer step skipped due to NaNs/infs in grad scaling.

[2026-09-17 16:41:38,063] INFO - Initial Validation Loss: 0.5798968009097966 Best Validation Loss: 0.532580237277056 Total Steps: 101 Best Step: 98 Total Time Spent: 25.188727378845215
accuracy_score (Finetuned): 0.8695652173913043

Optimizer step skipped due to NaNs/infs in grad scaling.

Optimizer step skipped due to NaNs/infs in grad scaling.

[2026-09-17 16:42:04,599] INFO - Initial Validation Loss: 0.6017800602689934 Best Validation Loss: 0.5207663366475129 Total Steps: 101 Best Step: 71 Total Time Spent: 26.015827417373657
accuracy_score (Finetuned): 0.8260869565217391

Optimizer step skipped due to NaNs/infs in grad scaling.

Optimizer step skipped due to NaNs/infs in grad scaling.

[2026-09-17 16:42:31,542] INFO - Initial Validation Loss: 0.6112933771218836 Best Validation Loss: 0.5822686171703954 Total Steps: 101 Best Step: 99 Total Time Spent: 26.44949221611023
accuracy_score (Finetuned): 0.8043478260869565

Optimizer step skipped due to NaNs/infs in grad scaling.

Optimizer step skipped due to NaNs/infs in grad scaling.

[2026-09-17 16:42:56,604] INFO - Initial Validation Loss: 0.567060047733101 Best Validation Loss: 0.4921243307863542 Total Steps: 101 Best Step: 100 Total Time Spent: 24.573675870895386
accuracy_score (Finetuned): 0.8608695652173913

Optimizer step skipped due to NaNs/infs in grad scaling.

Optimizer step skipped due to NaNs/infs in grad scaling.

[2026-09-17 16:43:24,600] INFO - Initial Validation Loss: 0.5112027400240791 Best Validation Loss: 0.43947086564112575 Total Steps: 101 Best Step: 100 Total Time Spent: 27.08508825302124
accuracy_score (Finetuned): 0.8260869565217391
Mean Accuracy: 0.837391304347826
Std Accuracy: 0.024223283960320197
[I 2026-09-17 16:43:25,083] Trial 35 finished with value: 0.837391304347826 and parameters: {'mgm_heads': 16, 'cap_heads': 16}. Best is trial 34 with value: 0.8530434782608696.
mgm_heads:2, cap_heads:16
[I 2026-09-17 16:43:25,084] Trial 36 finished with value: 0.0 and parameters: {'mgm_heads': 2, 'cap_heads': 16}. Best is trial 34 with value: 0.8530434782608696.
mgm_heads:128, cap_heads:8

Optimizer step skipped due to NaNs/infs in grad scaling.

Optimizer step skipped due to NaNs/infs in grad scaling.

[2026-09-17 16:44:14,480] INFO - Initial Validation Loss: 0.6042049206616357 Best Validation Loss: 0.5197544744816538 Total Steps: 101 Best Step: 37 Total Time Spent: 49.37600255012512
accuracy_score (Finetuned): 0.8760869565217392

Optimizer step skipped due to NaNs/infs in grad scaling.

Optimizer step skipped due to NaNs/infs in grad scaling.

[2026-09-17 16:45:03,548] INFO - Initial Validation Loss: 0.5856332295329338 Best Validation Loss: 0.4721484365005063 Total Steps: 101 Best Step: 100 Total Time Spent: 47.80512499809265
accuracy_score (Finetuned): 0.85

Optimizer step skipped due to NaNs/infs in grad scaling.

Optimizer step skipped due to NaNs/infs in grad scaling.

[2026-09-17 16:46:00,154] INFO - Initial Validation Loss: 0.6515034932214369 Best Validation Loss: 0.5357203496572528 Total Steps: 101 Best Step: 86 Total Time Spent: 55.33822512626648
accuracy_score (Finetuned): 0.8282608695652174

Optimizer step skipped due to NaNs/infs in grad scaling.

Optimizer step skipped due to NaNs/infs in grad scaling.

[2026-09-17 16:46:52,222] INFO - Initial Validation Loss: 0.5606556312216749 Best Validation Loss: 0.5014729411791764 Total Steps: 101 Best Step: 88 Total Time Spent: 50.75930738449097
accuracy_score (Finetuned): 0.8304347826086956

Optimizer step skipped due to NaNs/infs in grad scaling.

Optimizer step skipped due to NaNs/infs in grad scaling.

[2026-09-17 16:47:47,829] INFO - Initial Validation Loss: 0.5360983863428793 Best Validation Loss: 0.4029486219650743 Total Steps: 101 Best Step: 74 Total Time Spent: 54.28688144683838
accuracy_score (Finetuned): 0.8565217391304348
Mean Accuracy: 0.8482608695652173
Std Accuracy: 0.017682347311011117
[I 2026-09-17 16:47:49,140] Trial 37 finished with value: 0.8482608695652173 and parameters: {'mgm_heads': 128, 'cap_heads': 8}. Best is trial 34 with value: 0.8530434782608696.
mgm_heads:16, cap_heads:4

Optimizer step skipped due to NaNs/infs in grad scaling.

Optimizer step skipped due to NaNs/infs in grad scaling.

[2026-09-17 16:48:14,687] INFO - Initial Validation Loss: 0.6054379815845631 Best Validation Loss: 0.4985305370364873 Total Steps: 101 Best Step: 89 Total Time Spent: 25.48784589767456
accuracy_score (Finetuned): 0.8543478260869565

Optimizer step skipped due to NaNs/infs in grad scaling.

Optimizer step skipped due to NaNs/infs in grad scaling.

[2026-09-17 16:48:40,027] INFO - Initial Validation Loss: 0.6197328241395568 Best Validation Loss: 0.5203307478574015 Total Steps: 101 Best Step: 82 Total Time Spent: 24.872289419174194
accuracy_score (Finetuned): 0.8260869565217391

Optimizer step skipped due to NaNs/infs in grad scaling.

Optimizer step skipped due to NaNs/infs in grad scaling.

[2026-09-17 16:49:07,192] INFO - Initial Validation Loss: 0.6499699807952143 Best Validation Loss: 0.5422173904255274 Total Steps: 101 Best Step: 67 Total Time Spent: 26.72965407371521
accuracy_score (Finetuned): 0.8173913043478261

Optimizer step skipped due to NaNs/infs in grad scaling.

Optimizer step skipped due to NaNs/infs in grad scaling.

[2026-09-17 16:49:33,058] INFO - Initial Validation Loss: 0.58456025593812 Best Validation Loss: 0.4584284123562126 Total Steps: 101 Best Step: 89 Total Time Spent: 25.43891167640686
accuracy_score (Finetuned): 0.8478260869565217

Optimizer step skipped due to NaNs/infs in grad scaling.

Optimizer step skipped due to NaNs/infs in grad scaling.

[2026-09-17 16:50:02,041] INFO - Initial Validation Loss: 0.5593184862906001 Best Validation Loss: 0.41041505469777456 Total Steps: 101 Best Step: 93 Total Time Spent: 28.53925108909607
accuracy_score (Finetuned): 0.8369565217391305
Mean Accuracy: 0.8365217391304348
Std Accuracy: 0.013569118725501914
[I 2026-09-17 16:50:02,487] Trial 38 finished with value: 0.8365217391304348 and parameters: {'mgm_heads': 16, 'cap_heads': 4}. Best is trial 34 with value: 0.8530434782608696.
mgm_heads:128, cap_heads:32

Optimizer step skipped due to NaNs/infs in grad scaling.

Optimizer step skipped due to NaNs/infs in grad scaling.

Optimizer step skipped due to NaNs/infs in grad scaling.

[2026-09-17 16:51:05,681] INFO - Initial Validation Loss: 0.5784503498277033 Best Validation Loss: 0.4905286422128141 Total Steps: 101 Best Step: 41 Total Time Spent: 63.178462982177734
accuracy_score (Finetuned): 0.8717391304347826

Optimizer step skipped due to NaNs/infs in grad scaling.

Optimizer step skipped due to NaNs/infs in grad scaling.

[2026-09-17 16:52:16,451] INFO - Initial Validation Loss: 0.6213319436411286 Best Validation Loss: 0.4655173101805343 Total Steps: 101 Best Step: 100 Total Time Spent: 69.3144543170929
accuracy_score (Finetuned): 0.8173913043478261

Optimizer step skipped due to NaNs/infs in grad scaling.

Optimizer step skipped due to NaNs/infs in grad scaling.

[2026-09-17 16:53:07,696] INFO - Initial Validation Loss: 0.6193005271327465 Best Validation Loss: 0.5453728407655337 Total Steps: 101 Best Step: 48 Total Time Spent: 49.64427947998047
accuracy_score (Finetuned): 0.8369565217391305

Optimizer step skipped due to NaNs/infs in grad scaling.

Optimizer step skipped due to NaNs/infs in grad scaling.

[2026-09-17 16:54:20,814] INFO - Initial Validation Loss: 0.5915624497437718 Best Validation Loss: 0.4776585701267921 Total Steps: 101 Best Step: 97 Total Time Spent: 71.54377865791321
accuracy_score (Finetuned): 0.8739130434782608

Optimizer step skipped due to NaNs/infs in grad scaling.

Optimizer step skipped due to NaNs/infs in grad scaling.

Optimizer step skipped due to NaNs/infs in grad scaling.

Optimizer step skipped due to NaNs/infs in grad scaling.

Optimizer step skipped due to NaNs/infs in grad scaling.

[2026-09-17 16:55:31,193] INFO - Initial Validation Loss: 0.5112933012470727 Best Validation Loss: 0.39548343752621096 Total Steps: 101 Best Step: 100 Total Time Spent: 68.86352014541626
accuracy_score (Finetuned): 0.8543478260869565
Mean Accuracy: 0.8508695652173912
Std Accuracy: 0.021414974532216916
